['INFO ]2023-07-05 21:55:29,461(YYYY-MM-ddHH:MM:ss.SSS][main]utilities_DS_Algo.Loggerload1)-******************* Launching Home Page******************
['INFO ]2023-07-06 01:17:40,663(YYYY-MM-ddHH:MM:ss.SSS][main]utilities_DS_Algo.Loggerload1)-******************* Launching Home Page******************
['INFO ]2023-07-06 01:20:24,834(YYYY-MM-ddHH:MM:ss.SSS][main]utilities_DS_Algo.Loggerload1)-******************* Launching Home Page******************
['FATAL]2023-07-06 02:30:20,061(YYYY-MM-ddHH:MM:ss.SSS][main]utilities_DS_Algo.Loggerload1)-******Logger Driver is null
['FATAL]2023-07-06 02:37:55,709(YYYY-MM-ddHH:MM:ss.SSS][main]utilities_DS_Algo.Loggerload1)-*******Driver is null*****
['WARN ]2023-07-06 02:53:01,839(YYYY-MM-ddHH:MM:ss.SSS][main]utilities_DS_Algo.Loggerload1)-*******Driver is null*****
['INFO ]2023-07-06 02:53:07,424(YYYY-MM-ddHH:MM:ss.SSS][main]utilities_DS_Algo.Loggerload1)-******************* Launching Home Page******************
['INFO ]2023-07-06 02:53:19,257(YYYY-MM-ddHH:MM:ss.SSS][main]utilities_DS_Algo.Loggerload1)-******************* Launching Register Page******************
['INFO ]2023-07-06 02:53:21,244(YYYY-MM-ddHH:MM:ss.SSS][main]utilities_DS_Algo.Loggerload1)-******************* Launching Register Page******************
['INFO ]2023-07-06 02:53:21,973(YYYY-MM-ddHH:MM:ss.SSS][main]utilities_DS_Algo.Loggerload1)-******************* Launching Register Page******************
['INFO ]2023-07-06 02:53:23,117(YYYY-MM-ddHH:MM:ss.SSS][main]utilities_DS_Algo.Loggerload1)-******************* Launching Register Page******************
['INFO ]2023-07-06 02:53:24,434(YYYY-MM-ddHH:MM:ss.SSS][main]utilities_DS_Algo.Loggerload1)-******************* Launching Register Page******************
['INFO ]2023-07-06 02:53:25,638(YYYY-MM-ddHH:MM:ss.SSS][main]utilities_DS_Algo.Loggerload1)-******************* Launching Register Page******************
['INFO ]2023-07-06 02:53:27,090(YYYY-MM-ddHH:MM:ss.SSS][main]utilities_DS_Algo.Loggerload1)-******************* Launching Register Page******************
['INFO ]2023-07-06 02:53:28,922(YYYY-MM-ddHH:MM:ss.SSS][main]utilities_DS_Algo.Loggerload1)-******************* Launching Register Page******************
['INFO ]2023-07-06 02:53:30,787(YYYY-MM-ddHH:MM:ss.SSS][main]utilities_DS_Algo.Loggerload1)-******************* Launching Register Page******************
['INFO ]2023-07-06 02:53:32,597(YYYY-MM-ddHH:MM:ss.SSS][main]utilities_DS_Algo.Loggerload1)-******************* Launching Register Page******************
['INFO ]2023-07-06 02:53:35,298(YYYY-MM-ddHH:MM:ss.SSS][main]utilities_DS_Algo.Loggerload1)-******************* Launching Register Page******************
['INFO ]2023-07-06 02:53:37,037(YYYY-MM-ddHH:MM:ss.SSS][main]utilities_DS_Algo.Loggerload1)-******************* Launching Register Page******************
['INFO ]2023-07-06 02:53:40,441(YYYY-MM-ddHH:MM:ss.SSS][main]utilities_DS_Algo.Loggerload1)-********** Launching Sigin In Page******************
['INFO ]2023-07-06 02:53:41,074(YYYY-MM-ddHH:MM:ss.SSS][main]utilities_DS_Algo.Loggerload1)-********** Launching Sigin In Page******************
['INFO ]2023-07-06 02:53:43,953(YYYY-MM-ddHH:MM:ss.SSS][main]utilities_DS_Algo.Loggerload1)-********** Launching Sigin In Page******************
['INFO ]2023-07-06 02:53:47,259(YYYY-MM-ddHH:MM:ss.SSS][main]utilities_DS_Algo.Loggerload1)-********** Launching Sigin In Page******************
['INFO ]2023-07-06 02:53:48,628(YYYY-MM-ddHH:MM:ss.SSS][main]utilities_DS_Algo.Loggerload1)-********** Launching Sigin In Page******************
['INFO ]2023-07-06 02:53:49,684(YYYY-MM-ddHH:MM:ss.SSS][main]utilities_DS_Algo.Loggerload1)-********** Launching Sigin In Page******************
['INFO ]2023-07-06 02:53:53,896(YYYY-MM-ddHH:MM:ss.SSS][main]utilities_DS_Algo.Loggerload1)-****** Launching DS Intro Page******************
['INFO ]2023-07-06 02:53:58,920(YYYY-MM-ddHH:MM:ss.SSS][main]utilities_DS_Algo.Loggerload1)-****** Launching Array Page******************
['WARN ]2023-07-06 12:35:42,117(YYYY-MM-ddHH:MM:ss.SSS][main]utilities_DS_Algo.Loggerload1)-*******Driver is null*****
['INFO ]2023-07-06 12:35:59,106(YYYY-MM-ddHH:MM:ss.SSS][main]utilities_DS_Algo.Loggerload1)-******************* Launching Home Page******************
['INFO ]2023-07-06 12:36:10,890(YYYY-MM-ddHH:MM:ss.SSS][main]utilities_DS_Algo.Loggerload1)-******************* Launching Register Page******************
['INFO ]2023-07-06 12:36:11,781(YYYY-MM-ddHH:MM:ss.SSS][main]utilities_DS_Algo.Loggerload1)-******************* Launching Register Page******************
['INFO ]2023-07-06 12:36:12,767(YYYY-MM-ddHH:MM:ss.SSS][main]utilities_DS_Algo.Loggerload1)-******************* Launching Register Page******************
['INFO ]2023-07-06 12:36:13,471(YYYY-MM-ddHH:MM:ss.SSS][main]utilities_DS_Algo.Loggerload1)-******************* Launching Register Page******************
['INFO ]2023-07-06 12:36:14,165(YYYY-MM-ddHH:MM:ss.SSS][main]utilities_DS_Algo.Loggerload1)-******************* Launching Register Page******************
['INFO ]2023-07-06 12:36:14,940(YYYY-MM-ddHH:MM:ss.SSS][main]utilities_DS_Algo.Loggerload1)-******************* Launching Register Page******************
['INFO ]2023-07-06 12:36:15,705(YYYY-MM-ddHH:MM:ss.SSS][main]utilities_DS_Algo.Loggerload1)-******************* Launching Register Page******************
['INFO ]2023-07-06 12:36:16,620(YYYY-MM-ddHH:MM:ss.SSS][main]utilities_DS_Algo.Loggerload1)-******************* Launching Register Page******************
['INFO ]2023-07-06 12:36:17,344(YYYY-MM-ddHH:MM:ss.SSS][main]utilities_DS_Algo.Loggerload1)-******************* Launching Register Page******************
['INFO ]2023-07-06 12:36:17,967(YYYY-MM-ddHH:MM:ss.SSS][main]utilities_DS_Algo.Loggerload1)-******************* Launching Register Page******************
['INFO ]2023-07-06 12:36:18,939(YYYY-MM-ddHH:MM:ss.SSS][main]utilities_DS_Algo.Loggerload1)-******************* Launching Register Page******************
['INFO ]2023-07-06 12:36:19,619(YYYY-MM-ddHH:MM:ss.SSS][main]utilities_DS_Algo.Loggerload1)-******************* Launching Register Page******************
['INFO ]2023-07-06 12:36:21,330(YYYY-MM-ddHH:MM:ss.SSS][main]utilities_DS_Algo.Loggerload1)-********** Launching Sigin In Page******************
['INFO ]2023-07-06 12:36:21,896(YYYY-MM-ddHH:MM:ss.SSS][main]utilities_DS_Algo.Loggerload1)-********** Launching Sigin In Page******************
['INFO ]2023-07-06 12:36:23,222(YYYY-MM-ddHH:MM:ss.SSS][main]utilities_DS_Algo.Loggerload1)-********** Launching Sigin In Page******************
['INFO ]2023-07-06 12:36:25,378(YYYY-MM-ddHH:MM:ss.SSS][main]utilities_DS_Algo.Loggerload1)-********** Launching Sigin In Page******************
['INFO ]2023-07-06 12:36:26,263(YYYY-MM-ddHH:MM:ss.SSS][main]utilities_DS_Algo.Loggerload1)-********** Launching Sigin In Page******************
['INFO ]2023-07-06 12:36:27,014(YYYY-MM-ddHH:MM:ss.SSS][main]utilities_DS_Algo.Loggerload1)-********** Launching Sigin In Page******************
['INFO ]2023-07-06 12:36:29,814(YYYY-MM-ddHH:MM:ss.SSS][main]utilities_DS_Algo.Loggerload1)-****** Launching DS Intro Page******************
['INFO ]2023-07-06 12:36:34,248(YYYY-MM-ddHH:MM:ss.SSS][main]utilities_DS_Algo.Loggerload1)-****** Launching Array Page******************
['WARN ]2023-07-06 13:55:35,741(YYYY-MM-ddHH:MM:ss.SSS][main]utilities_DS_Algo.Loggerload1)-*******Driver is null*****
['WARN ]2023-07-06 14:17:31,312(YYYY-MM-ddHH:MM:ss.SSS][main]utilities_DS_Algo.Loggerload1)-*******Driver is null*****
['INFO ]2023-07-06 14:17:35,295(YYYY-MM-ddHH:MM:ss.SSS][main]utilities_DS_Algo.Loggerload1)-******************* Launching Home Page******************
['INFO ]2023-07-06 14:17:40,602(YYYY-MM-ddHH:MM:ss.SSS][main]utilities_DS_Algo.Loggerload1)-******************* Launching Register Page******************
['INFO ]2023-07-06 14:17:41,075(YYYY-MM-ddHH:MM:ss.SSS][main]utilities_DS_Algo.Loggerload1)-******************* Launching Register Page******************
['INFO ]2023-07-06 14:17:41,380(YYYY-MM-ddHH:MM:ss.SSS][main]utilities_DS_Algo.Loggerload1)-******************* Launching Register Page******************
['INFO ]2023-07-06 14:17:41,752(YYYY-MM-ddHH:MM:ss.SSS][main]utilities_DS_Algo.Loggerload1)-******************* Launching Register Page******************
['INFO ]2023-07-06 14:17:42,114(YYYY-MM-ddHH:MM:ss.SSS][main]utilities_DS_Algo.Loggerload1)-******************* Launching Register Page******************
['INFO ]2023-07-06 14:17:42,581(YYYY-MM-ddHH:MM:ss.SSS][main]utilities_DS_Algo.Loggerload1)-******************* Launching Register Page******************
['INFO ]2023-07-06 14:17:43,014(YYYY-MM-ddHH:MM:ss.SSS][main]utilities_DS_Algo.Loggerload1)-******************* Launching Register Page******************
['INFO ]2023-07-06 14:17:43,499(YYYY-MM-ddHH:MM:ss.SSS][main]utilities_DS_Algo.Loggerload1)-******************* Launching Register Page******************
['INFO ]2023-07-06 14:17:44,001(YYYY-MM-ddHH:MM:ss.SSS][main]utilities_DS_Algo.Loggerload1)-******************* Launching Register Page******************
['INFO ]2023-07-06 14:17:44,530(YYYY-MM-ddHH:MM:ss.SSS][main]utilities_DS_Algo.Loggerload1)-******************* Launching Register Page******************
['INFO ]2023-07-06 14:17:45,869(YYYY-MM-ddHH:MM:ss.SSS][main]utilities_DS_Algo.Loggerload1)-******************* Launching Register Page******************
['INFO ]2023-07-06 14:17:46,454(YYYY-MM-ddHH:MM:ss.SSS][main]utilities_DS_Algo.Loggerload1)-******************* Launching Register Page******************
['INFO ]2023-07-06 14:17:47,708(YYYY-MM-ddHH:MM:ss.SSS][main]utilities_DS_Algo.Loggerload1)-********** Launching Sigin In Page******************
['INFO ]2023-07-06 14:17:48,008(YYYY-MM-ddHH:MM:ss.SSS][main]utilities_DS_Algo.Loggerload1)-********** Launching Sigin In Page******************
['INFO ]2023-07-06 14:17:49,027(YYYY-MM-ddHH:MM:ss.SSS][main]utilities_DS_Algo.Loggerload1)-********** Launching Sigin In Page******************
['INFO ]2023-07-06 14:17:50,118(YYYY-MM-ddHH:MM:ss.SSS][main]utilities_DS_Algo.Loggerload1)-********** Launching Sigin In Page******************
['INFO ]2023-07-06 14:17:50,660(YYYY-MM-ddHH:MM:ss.SSS][main]utilities_DS_Algo.Loggerload1)-********** Launching Sigin In Page******************
['INFO ]2023-07-06 14:17:51,240(YYYY-MM-ddHH:MM:ss.SSS][main]utilities_DS_Algo.Loggerload1)-********** Launching Sigin In Page******************
['INFO ]2023-07-06 14:17:53,482(YYYY-MM-ddHH:MM:ss.SSS][main]utilities_DS_Algo.Loggerload1)-****** Launching DS Intro Page******************
['INFO ]2023-07-06 14:17:56,522(YYYY-MM-ddHH:MM:ss.SSS][main]utilities_DS_Algo.Loggerload1)-****** Launching Array Page******************
['WARN ]2023-07-06 14:32:05,028(YYYY-MM-ddHH:MM:ss.SSS][main]utilities_DS_Algo.Loggerload1)-*******Driver is null*****
['INFO ]2023-07-06 14:32:07,871(YYYY-MM-ddHH:MM:ss.SSS][main]utilities_DS_Algo.Loggerload1)-******************* Launching Home Page******************
['INFO ]2023-07-06 14:32:12,816(YYYY-MM-ddHH:MM:ss.SSS][main]utilities_DS_Algo.Loggerload1)-******************* Launching Register Page******************
['INFO ]2023-07-06 14:32:13,277(YYYY-MM-ddHH:MM:ss.SSS][main]utilities_DS_Algo.Loggerload1)-******************* Launching Register Page******************
['INFO ]2023-07-06 14:32:13,633(YYYY-MM-ddHH:MM:ss.SSS][main]utilities_DS_Algo.Loggerload1)-******************* Launching Register Page******************
['INFO ]2023-07-06 14:32:14,018(YYYY-MM-ddHH:MM:ss.SSS][main]utilities_DS_Algo.Loggerload1)-******************* Launching Register Page******************
['INFO ]2023-07-06 14:32:14,426(YYYY-MM-ddHH:MM:ss.SSS][main]utilities_DS_Algo.Loggerload1)-******************* Launching Register Page******************
['INFO ]2023-07-06 14:32:14,908(YYYY-MM-ddHH:MM:ss.SSS][main]utilities_DS_Algo.Loggerload1)-******************* Launching Register Page******************
['INFO ]2023-07-06 14:32:15,366(YYYY-MM-ddHH:MM:ss.SSS][main]utilities_DS_Algo.Loggerload1)-******************* Launching Register Page******************
['INFO ]2023-07-06 14:32:15,831(YYYY-MM-ddHH:MM:ss.SSS][main]utilities_DS_Algo.Loggerload1)-******************* Launching Register Page******************
['INFO ]2023-07-06 14:32:16,315(YYYY-MM-ddHH:MM:ss.SSS][main]utilities_DS_Algo.Loggerload1)-******************* Launching Register Page******************
['INFO ]2023-07-06 14:32:16,785(YYYY-MM-ddHH:MM:ss.SSS][main]utilities_DS_Algo.Loggerload1)-******************* Launching Register Page******************
['INFO ]2023-07-06 14:32:17,627(YYYY-MM-ddHH:MM:ss.SSS][main]utilities_DS_Algo.Loggerload1)-******************* Launching Register Page******************
['INFO ]2023-07-06 14:32:18,095(YYYY-MM-ddHH:MM:ss.SSS][main]utilities_DS_Algo.Loggerload1)-******************* Launching Register Page******************
['INFO ]2023-07-06 14:32:19,182(YYYY-MM-ddHH:MM:ss.SSS][main]utilities_DS_Algo.Loggerload1)-********** Launching Sigin In Page******************
['INFO ]2023-07-06 14:32:19,457(YYYY-MM-ddHH:MM:ss.SSS][main]utilities_DS_Algo.Loggerload1)-********** Launching Sigin In Page******************
['INFO ]2023-07-06 14:32:20,328(YYYY-MM-ddHH:MM:ss.SSS][main]utilities_DS_Algo.Loggerload1)-********** Launching Sigin In Page******************
['INFO ]2023-07-06 14:32:21,760(YYYY-MM-ddHH:MM:ss.SSS][main]utilities_DS_Algo.Loggerload1)-********** Launching Sigin In Page******************
['INFO ]2023-07-06 14:32:22,284(YYYY-MM-ddHH:MM:ss.SSS][main]utilities_DS_Algo.Loggerload1)-********** Launching Sigin In Page******************
['INFO ]2023-07-06 14:32:22,892(YYYY-MM-ddHH:MM:ss.SSS][main]utilities_DS_Algo.Loggerload1)-********** Launching Sigin In Page******************
['INFO ]2023-07-06 14:32:25,027(YYYY-MM-ddHH:MM:ss.SSS][main]utilities_DS_Algo.Loggerload1)-****** Launching DS Intro Page******************
['INFO ]2023-07-06 14:32:28,298(YYYY-MM-ddHH:MM:ss.SSS][main]utilities_DS_Algo.Loggerload1)-****** Launching Array Page******************
['WARN ]2023-07-06 14:41:50,044(YYYY-MM-ddHH:MM:ss.SSS][main]utilities_DSAlgo.Loggerload1)-*******Driver is null*****
['INFO ]2023-07-06 14:41:52,937(YYYY-MM-ddHH:MM:ss.SSS][main]utilities_DSAlgo.Loggerload1)-******************* Launching Home Page******************
['INFO ]2023-07-06 14:41:58,049(YYYY-MM-ddHH:MM:ss.SSS][main]utilities_DSAlgo.Loggerload1)-******************* Launching Register Page******************
['INFO ]2023-07-06 14:41:58,513(YYYY-MM-ddHH:MM:ss.SSS][main]utilities_DSAlgo.Loggerload1)-******************* Launching Register Page******************
['INFO ]2023-07-06 14:41:58,850(YYYY-MM-ddHH:MM:ss.SSS][main]utilities_DSAlgo.Loggerload1)-******************* Launching Register Page******************
['INFO ]2023-07-06 14:41:59,269(YYYY-MM-ddHH:MM:ss.SSS][main]utilities_DSAlgo.Loggerload1)-******************* Launching Register Page******************
['INFO ]2023-07-06 14:41:59,697(YYYY-MM-ddHH:MM:ss.SSS][main]utilities_DSAlgo.Loggerload1)-******************* Launching Register Page******************
['INFO ]2023-07-06 14:42:00,181(YYYY-MM-ddHH:MM:ss.SSS][main]utilities_DSAlgo.Loggerload1)-******************* Launching Register Page******************
['INFO ]2023-07-06 14:42:00,816(YYYY-MM-ddHH:MM:ss.SSS][main]utilities_DSAlgo.Loggerload1)-******************* Launching Register Page******************
['INFO ]2023-07-06 14:42:01,299(YYYY-MM-ddHH:MM:ss.SSS][main]utilities_DSAlgo.Loggerload1)-******************* Launching Register Page******************
['INFO ]2023-07-06 14:42:01,792(YYYY-MM-ddHH:MM:ss.SSS][main]utilities_DSAlgo.Loggerload1)-******************* Launching Register Page******************
['INFO ]2023-07-06 14:42:02,278(YYYY-MM-ddHH:MM:ss.SSS][main]utilities_DSAlgo.Loggerload1)-******************* Launching Register Page******************
['INFO ]2023-07-06 14:42:03,127(YYYY-MM-ddHH:MM:ss.SSS][main]utilities_DSAlgo.Loggerload1)-******************* Launching Register Page******************
['INFO ]2023-07-06 14:42:03,616(YYYY-MM-ddHH:MM:ss.SSS][main]utilities_DSAlgo.Loggerload1)-******************* Launching Register Page******************
['INFO ]2023-07-06 14:42:04,650(YYYY-MM-ddHH:MM:ss.SSS][main]utilities_DSAlgo.Loggerload1)-********** Launching Sigin In Page******************
['INFO ]2023-07-06 14:42:04,914(YYYY-MM-ddHH:MM:ss.SSS][main]utilities_DSAlgo.Loggerload1)-********** Launching Sigin In Page******************
['INFO ]2023-07-06 14:42:05,863(YYYY-MM-ddHH:MM:ss.SSS][main]utilities_DSAlgo.Loggerload1)-********** Launching Sigin In Page******************
['INFO ]2023-07-06 14:42:07,274(YYYY-MM-ddHH:MM:ss.SSS][main]utilities_DSAlgo.Loggerload1)-********** Launching Sigin In Page******************
['INFO ]2023-07-06 14:42:07,788(YYYY-MM-ddHH:MM:ss.SSS][main]utilities_DSAlgo.Loggerload1)-********** Launching Sigin In Page******************
['INFO ]2023-07-06 14:42:08,318(YYYY-MM-ddHH:MM:ss.SSS][main]utilities_DSAlgo.Loggerload1)-********** Launching Sigin In Page******************
['INFO ]2023-07-06 14:42:10,501(YYYY-MM-ddHH:MM:ss.SSS][main]utilities_DSAlgo.Loggerload1)-****** Launching DS Intro Page******************
['INFO ]2023-07-06 14:42:13,897(YYYY-MM-ddHH:MM:ss.SSS][main]utilities_DSAlgo.Loggerload1)-****** Launching Array Page******************
['WARN ]2023-07-06 21:06:39,013(YYYY-MM-ddHH:MM:ss.SSS][main]utilities_DSAlgo.Loggerload1)-*******Driver is null*****
['WARN ]2023-07-06 21:10:37,806(YYYY-MM-ddHH:MM:ss.SSS][main]utilities_DSAlgo.Loggerload1)-*******Driver is null*****
['INFO ]2023-07-06 21:10:50,738(YYYY-MM-ddHH:MM:ss.SSS][main]utilities_DSAlgo.Loggerload1)-******************* Launching Home Page******************
['INFO ]2023-07-06 21:11:04,154(YYYY-MM-ddHH:MM:ss.SSS][main]utilities_DSAlgo.Loggerload1)-******************* Launching Register Page******************
['INFO ]2023-07-06 21:11:05,057(YYYY-MM-ddHH:MM:ss.SSS][main]utilities_DSAlgo.Loggerload1)-******************* Launching Register Page******************
['INFO ]2023-07-06 21:11:06,157(YYYY-MM-ddHH:MM:ss.SSS][main]utilities_DSAlgo.Loggerload1)-******************* Launching Register Page******************
['INFO ]2023-07-06 21:11:07,086(YYYY-MM-ddHH:MM:ss.SSS][main]utilities_DSAlgo.Loggerload1)-******************* Launching Register Page******************
['INFO ]2023-07-06 21:11:08,023(YYYY-MM-ddHH:MM:ss.SSS][main]utilities_DSAlgo.Loggerload1)-******************* Launching Register Page******************
['INFO ]2023-07-06 21:11:09,000(YYYY-MM-ddHH:MM:ss.SSS][main]utilities_DSAlgo.Loggerload1)-******************* Launching Register Page******************
['INFO ]2023-07-06 21:11:09,866(YYYY-MM-ddHH:MM:ss.SSS][main]utilities_DSAlgo.Loggerload1)-******************* Launching Register Page******************
['INFO ]2023-07-06 21:11:10,920(YYYY-MM-ddHH:MM:ss.SSS][main]utilities_DSAlgo.Loggerload1)-******************* Launching Register Page******************
['INFO ]2023-07-06 21:11:11,583(YYYY-MM-ddHH:MM:ss.SSS][main]utilities_DSAlgo.Loggerload1)-******************* Launching Register Page******************
['INFO ]2023-07-06 21:11:12,280(YYYY-MM-ddHH:MM:ss.SSS][main]utilities_DSAlgo.Loggerload1)-******************* Launching Register Page******************
['INFO ]2023-07-06 21:11:13,225(YYYY-MM-ddHH:MM:ss.SSS][main]utilities_DSAlgo.Loggerload1)-******************* Launching Register Page******************
['INFO ]2023-07-06 21:11:14,148(YYYY-MM-ddHH:MM:ss.SSS][main]utilities_DSAlgo.Loggerload1)-******************* Launching Register Page******************
['INFO ]2023-07-06 21:11:16,209(YYYY-MM-ddHH:MM:ss.SSS][main]utilities_DSAlgo.Loggerload1)-********** Launching Sigin In Page******************
['INFO ]2023-07-06 21:11:16,878(YYYY-MM-ddHH:MM:ss.SSS][main]utilities_DSAlgo.Loggerload1)-********** Launching Sigin In Page******************
['INFO ]2023-07-06 21:11:19,178(YYYY-MM-ddHH:MM:ss.SSS][main]utilities_DSAlgo.Loggerload1)-********** Launching Sigin In Page******************
['INFO ]2023-07-06 21:11:21,817(YYYY-MM-ddHH:MM:ss.SSS][main]utilities_DSAlgo.Loggerload1)-********** Launching Sigin In Page******************
['INFO ]2023-07-06 21:11:22,894(YYYY-MM-ddHH:MM:ss.SSS][main]utilities_DSAlgo.Loggerload1)-********** Launching Sigin In Page******************
['INFO ]2023-07-06 21:11:23,660(YYYY-MM-ddHH:MM:ss.SSS][main]utilities_DSAlgo.Loggerload1)-********** Launching Sigin In Page******************
['INFO ]2023-07-06 21:11:27,606(YYYY-MM-ddHH:MM:ss.SSS][main]utilities_DSAlgo.Loggerload1)-****** Launching DS Intro Page******************
['INFO ]2023-07-06 21:11:34,179(YYYY-MM-ddHH:MM:ss.SSS][main]utilities_DSAlgo.Loggerload1)-****** Launching Array Page******************
['WARN ]2023-07-06 21:19:52,706(YYYY-MM-ddHH:MM:ss.SSS][main]utilities_DSAlgo.Loggerload1)-*******Driver is null*****
['INFO ]2023-07-06 21:20:04,354(YYYY-MM-ddHH:MM:ss.SSS][main]utilities_DSAlgo.Loggerload1)-******************* Launching Home Page******************
['INFO ]2023-07-06 21:20:29,636(YYYY-MM-ddHH:MM:ss.SSS][main]utilities_DSAlgo.Loggerload1)-******************* Launching Register Page******************
['INFO ]2023-07-06 21:20:31,752(YYYY-MM-ddHH:MM:ss.SSS][main]utilities_DSAlgo.Loggerload1)-******************* Launching Register Page******************
['INFO ]2023-07-06 21:20:33,424(YYYY-MM-ddHH:MM:ss.SSS][main]utilities_DSAlgo.Loggerload1)-******************* Launching Register Page******************
['INFO ]2023-07-06 21:20:35,318(YYYY-MM-ddHH:MM:ss.SSS][main]utilities_DSAlgo.Loggerload1)-******************* Launching Register Page******************
['INFO ]2023-07-06 21:20:37,263(YYYY-MM-ddHH:MM:ss.SSS][main]utilities_DSAlgo.Loggerload1)-******************* Launching Register Page******************
['INFO ]2023-07-06 21:20:39,218(YYYY-MM-ddHH:MM:ss.SSS][main]utilities_DSAlgo.Loggerload1)-******************* Launching Register Page******************
['INFO ]2023-07-06 21:20:41,095(YYYY-MM-ddHH:MM:ss.SSS][main]utilities_DSAlgo.Loggerload1)-******************* Launching Register Page******************
['INFO ]2023-07-06 21:20:42,785(YYYY-MM-ddHH:MM:ss.SSS][main]utilities_DSAlgo.Loggerload1)-******************* Launching Register Page******************
['INFO ]2023-07-06 21:20:44,532(YYYY-MM-ddHH:MM:ss.SSS][main]utilities_DSAlgo.Loggerload1)-******************* Launching Register Page******************
['INFO ]2023-07-06 21:20:46,197(YYYY-MM-ddHH:MM:ss.SSS][main]utilities_DSAlgo.Loggerload1)-******************* Launching Register Page******************
['INFO ]2023-07-06 21:20:48,492(YYYY-MM-ddHH:MM:ss.SSS][main]utilities_DSAlgo.Loggerload1)-******************* Launching Register Page******************
['INFO ]2023-07-06 21:20:50,255(YYYY-MM-ddHH:MM:ss.SSS][main]utilities_DSAlgo.Loggerload1)-******************* Launching Register Page******************
['INFO ]2023-07-06 21:20:53,966(YYYY-MM-ddHH:MM:ss.SSS][main]utilities_DSAlgo.Loggerload1)-********** Launching Sigin In Page******************
['INFO ]2023-07-06 21:20:55,223(YYYY-MM-ddHH:MM:ss.SSS][main]utilities_DSAlgo.Loggerload1)-********** Launching Sigin In Page******************
['INFO ]2023-07-06 21:20:59,902(YYYY-MM-ddHH:MM:ss.SSS][main]utilities_DSAlgo.Loggerload1)-********** Launching Sigin In Page******************
['INFO ]2023-07-06 21:21:02,676(YYYY-MM-ddHH:MM:ss.SSS][main]utilities_DSAlgo.Loggerload1)-********** Launching Sigin In Page******************
['INFO ]2023-07-06 21:21:03,992(YYYY-MM-ddHH:MM:ss.SSS][main]utilities_DSAlgo.Loggerload1)-********** Launching Sigin In Page******************
['INFO ]2023-07-06 21:21:05,598(YYYY-MM-ddHH:MM:ss.SSS][main]utilities_DSAlgo.Loggerload1)-********** Launching Sigin In Page******************
['INFO ]2023-07-06 21:21:11,776(YYYY-MM-ddHH:MM:ss.SSS][main]utilities_DSAlgo.Loggerload1)-****** Launching DS Intro Page******************
['INFO ]2023-07-06 21:21:20,553(YYYY-MM-ddHH:MM:ss.SSS][main]utilities_DSAlgo.Loggerload1)-****** Launching Array Page******************
['WARN ]2023-07-06 21:51:43,871(YYYY-MM-ddHH:MM:ss.SSS][main]utilities_DSAlgo.Loggerload1)-*******Driver is null*****
['INFO ]2023-07-06 21:51:49,552(YYYY-MM-ddHH:MM:ss.SSS][main]utilities_DSAlgo.Loggerload1)-******************* Launching Home Page******************
['INFO ]2023-07-06 21:52:03,798(YYYY-MM-ddHH:MM:ss.SSS][main]utilities_DSAlgo.Loggerload1)-******************* Launching Register Page******************
['INFO ]2023-07-06 21:52:05,916(YYYY-MM-ddHH:MM:ss.SSS][main]utilities_DSAlgo.Loggerload1)-******************* Launching Register Page******************
['INFO ]2023-07-06 21:52:07,098(YYYY-MM-ddHH:MM:ss.SSS][main]utilities_DSAlgo.Loggerload1)-******************* Launching Register Page******************
['INFO ]2023-07-06 21:52:08,472(YYYY-MM-ddHH:MM:ss.SSS][main]utilities_DSAlgo.Loggerload1)-******************* Launching Register Page******************
['INFO ]2023-07-06 21:52:09,711(YYYY-MM-ddHH:MM:ss.SSS][main]utilities_DSAlgo.Loggerload1)-******************* Launching Register Page******************
['INFO ]2023-07-06 21:52:10,564(YYYY-MM-ddHH:MM:ss.SSS][main]utilities_DSAlgo.Loggerload1)-******************* Launching Register Page******************
['INFO ]2023-07-06 21:52:11,962(YYYY-MM-ddHH:MM:ss.SSS][main]utilities_DSAlgo.Loggerload1)-******************* Launching Register Page******************
['INFO ]2023-07-06 21:52:13,354(YYYY-MM-ddHH:MM:ss.SSS][main]utilities_DSAlgo.Loggerload1)-******************* Launching Register Page******************
['INFO ]2023-07-06 21:52:14,706(YYYY-MM-ddHH:MM:ss.SSS][main]utilities_DSAlgo.Loggerload1)-******************* Launching Register Page******************
['INFO ]2023-07-06 21:52:16,215(YYYY-MM-ddHH:MM:ss.SSS][main]utilities_DSAlgo.Loggerload1)-******************* Launching Register Page******************
['INFO ]2023-07-06 21:52:18,992(YYYY-MM-ddHH:MM:ss.SSS][main]utilities_DSAlgo.Loggerload1)-******************* Launching Register Page******************
['INFO ]2023-07-06 21:52:20,007(YYYY-MM-ddHH:MM:ss.SSS][main]utilities_DSAlgo.Loggerload1)-******************* Launching Register Page******************
['INFO ]2023-07-06 21:52:21,742(YYYY-MM-ddHH:MM:ss.SSS][main]utilities_DSAlgo.Loggerload1)-********** Launching Sigin In Page******************
['INFO ]2023-07-06 21:52:22,182(YYYY-MM-ddHH:MM:ss.SSS][main]utilities_DSAlgo.Loggerload1)-********** Launching Sigin In Page******************
['INFO ]2023-07-06 21:52:24,340(YYYY-MM-ddHH:MM:ss.SSS][main]utilities_DSAlgo.Loggerload1)-********** Launching Sigin In Page******************
['INFO ]2023-07-06 21:52:27,047(YYYY-MM-ddHH:MM:ss.SSS][main]utilities_DSAlgo.Loggerload1)-********** Launching Sigin In Page******************
['INFO ]2023-07-06 21:52:28,853(YYYY-MM-ddHH:MM:ss.SSS][main]utilities_DSAlgo.Loggerload1)-********** Launching Sigin In Page******************
['INFO ]2023-07-06 21:52:30,128(YYYY-MM-ddHH:MM:ss.SSS][main]utilities_DSAlgo.Loggerload1)-********** Launching Sigin In Page******************
['INFO ]2023-07-06 21:52:34,920(YYYY-MM-ddHH:MM:ss.SSS][main]utilities_DSAlgo.Loggerload1)-****** Launching DS Intro Page******************
['INFO ]2023-07-06 21:52:40,912(YYYY-MM-ddHH:MM:ss.SSS][main]utilities_DSAlgo.Loggerload1)-****** Launching Array Page******************
['WARN ]2023-07-06 22:26:49,629(YYYY-MM-ddHH:MM:ss.SSS][main]utilities_DSAlgo.Loggerload1)-*******Driver is null*****
['INFO ]2023-07-06 22:26:57,424(YYYY-MM-ddHH:MM:ss.SSS][main]utilities_DSAlgo.Loggerload1)-******************* Launching Home Page******************
['INFO ]2023-07-06 22:27:09,319(YYYY-MM-ddHH:MM:ss.SSS][main]utilities_DSAlgo.Loggerload1)-******************* Launching Register Page******************
['INFO ]2023-07-06 22:27:11,240(YYYY-MM-ddHH:MM:ss.SSS][main]utilities_DSAlgo.Loggerload1)-******************* Launching Register Page******************
['INFO ]2023-07-06 22:27:12,776(YYYY-MM-ddHH:MM:ss.SSS][main]utilities_DSAlgo.Loggerload1)-******************* Launching Register Page******************
['INFO ]2023-07-06 22:27:14,153(YYYY-MM-ddHH:MM:ss.SSS][main]utilities_DSAlgo.Loggerload1)-******************* Launching Register Page******************
['INFO ]2023-07-06 22:27:14,958(YYYY-MM-ddHH:MM:ss.SSS][main]utilities_DSAlgo.Loggerload1)-******************* Launching Register Page******************
['WARN ]2023-07-06 23:44:26,605(YYYY-MM-ddHH:MM:ss.SSS][main]utilities_DSAlgo.Loggerload1)-*******Driver is null*****
['INFO ]2023-07-06 23:44:30,513(YYYY-MM-ddHH:MM:ss.SSS][main]utilities_DSAlgo.Loggerload1)-******************* Launching Home Page******************
['INFO ]2023-07-06 23:44:35,741(YYYY-MM-ddHH:MM:ss.SSS][main]utilities_DSAlgo.Loggerload1)-******************* Launching Register Page******************
['INFO ]2023-07-06 23:44:36,271(YYYY-MM-ddHH:MM:ss.SSS][main]utilities_DSAlgo.Loggerload1)-******************* Launching Register Page******************
['INFO ]2023-07-06 23:44:36,639(YYYY-MM-ddHH:MM:ss.SSS][main]utilities_DSAlgo.Loggerload1)-******************* Launching Register Page******************
['INFO ]2023-07-06 23:44:37,125(YYYY-MM-ddHH:MM:ss.SSS][main]utilities_DSAlgo.Loggerload1)-******************* Launching Register Page******************
['INFO ]2023-07-06 23:44:37,699(YYYY-MM-ddHH:MM:ss.SSS][main]utilities_DSAlgo.Loggerload1)-******************* Launching Register Page******************
['INFO ]2023-07-06 23:44:38,313(YYYY-MM-ddHH:MM:ss.SSS][main]utilities_DSAlgo.Loggerload1)-******************* Launching Register Page******************
['INFO ]2023-07-06 23:44:39,046(YYYY-MM-ddHH:MM:ss.SSS][main]utilities_DSAlgo.Loggerload1)-******************* Launching Register Page******************
['INFO ]2023-07-06 23:44:39,574(YYYY-MM-ddHH:MM:ss.SSS][main]utilities_DSAlgo.Loggerload1)-******************* Launching Register Page******************
['INFO ]2023-07-06 23:44:40,092(YYYY-MM-ddHH:MM:ss.SSS][main]utilities_DSAlgo.Loggerload1)-******************* Launching Register Page******************
['INFO ]2023-07-06 23:44:40,658(YYYY-MM-ddHH:MM:ss.SSS][main]utilities_DSAlgo.Loggerload1)-******************* Launching Register Page******************
['INFO ]2023-07-06 23:44:41,610(YYYY-MM-ddHH:MM:ss.SSS][main]utilities_DSAlgo.Loggerload1)-******************* Launching Register Page******************
['INFO ]2023-07-06 23:44:42,110(YYYY-MM-ddHH:MM:ss.SSS][main]utilities_DSAlgo.Loggerload1)-******************* Launching Register Page******************
['INFO ]2023-07-06 23:44:43,289(YYYY-MM-ddHH:MM:ss.SSS][main]utilities_DSAlgo.Loggerload1)-********** Launching Sigin In Page******************
['INFO ]2023-07-06 23:44:43,599(YYYY-MM-ddHH:MM:ss.SSS][main]utilities_DSAlgo.Loggerload1)-********** Launching Sigin In Page******************
['INFO ]2023-07-06 23:44:44,665(YYYY-MM-ddHH:MM:ss.SSS][main]utilities_DSAlgo.Loggerload1)-********** Launching Sigin In Page******************
['INFO ]2023-07-06 23:44:45,956(YYYY-MM-ddHH:MM:ss.SSS][main]utilities_DSAlgo.Loggerload1)-********** Launching Sigin In Page******************
['INFO ]2023-07-06 23:44:46,537(YYYY-MM-ddHH:MM:ss.SSS][main]utilities_DSAlgo.Loggerload1)-********** Launching Sigin In Page******************
['INFO ]2023-07-06 23:44:47,153(YYYY-MM-ddHH:MM:ss.SSS][main]utilities_DSAlgo.Loggerload1)-********** Launching Sigin In Page******************
['INFO ]2023-07-06 23:44:49,352(YYYY-MM-ddHH:MM:ss.SSS][main]utilities_DSAlgo.Loggerload1)-****** Launching DS Intro Page******************
['INFO ]2023-07-06 23:44:52,298(YYYY-MM-ddHH:MM:ss.SSS][main]utilities_DSAlgo.Loggerload1)-****** Launching Array Page******************
['WARN ]2023-07-10 16:17:30,367(YYYY-MM-ddHH:MM:ss.SSS][main]utilities_DSAlgo.Loggerload1)-*******Driver is null*****
['INFO ]2023-07-10 16:17:36,885(YYYY-MM-ddHH:MM:ss.SSS][main]utilities_DSAlgo.Loggerload1)-******************* Launching Home Page******************
['INFO ]2023-07-10 16:17:45,476(YYYY-MM-ddHH:MM:ss.SSS][main]utilities_DSAlgo.Loggerload1)-******************* Launching Register Page******************
['INFO ]2023-07-10 16:17:46,466(YYYY-MM-ddHH:MM:ss.SSS][main]utilities_DSAlgo.Loggerload1)-******************* Launching Register Page******************
['INFO ]2023-07-10 16:17:47,162(YYYY-MM-ddHH:MM:ss.SSS][main]utilities_DSAlgo.Loggerload1)-******************* Launching Register Page******************
['INFO ]2023-07-10 16:17:48,148(YYYY-MM-ddHH:MM:ss.SSS][main]utilities_DSAlgo.Loggerload1)-******************* Launching Register Page******************
['INFO ]2023-07-10 16:17:49,039(YYYY-MM-ddHH:MM:ss.SSS][main]utilities_DSAlgo.Loggerload1)-******************* Launching Register Page******************
['INFO ]2023-07-10 16:17:49,960(YYYY-MM-ddHH:MM:ss.SSS][main]utilities_DSAlgo.Loggerload1)-******************* Launching Register Page******************
['INFO ]2023-07-10 16:17:50,859(YYYY-MM-ddHH:MM:ss.SSS][main]utilities_DSAlgo.Loggerload1)-******************* Launching Register Page******************
['INFO ]2023-07-10 16:17:51,945(YYYY-MM-ddHH:MM:ss.SSS][main]utilities_DSAlgo.Loggerload1)-******************* Launching Register Page******************
['INFO ]2023-07-10 16:17:52,971(YYYY-MM-ddHH:MM:ss.SSS][main]utilities_DSAlgo.Loggerload1)-******************* Launching Register Page******************
['INFO ]2023-07-10 16:17:53,983(YYYY-MM-ddHH:MM:ss.SSS][main]utilities_DSAlgo.Loggerload1)-******************* Launching Register Page******************
['INFO ]2023-07-10 16:17:55,776(YYYY-MM-ddHH:MM:ss.SSS][main]utilities_DSAlgo.Loggerload1)-******************* Launching Register Page******************
['INFO ]2023-07-10 16:17:56,793(YYYY-MM-ddHH:MM:ss.SSS][main]utilities_DSAlgo.Loggerload1)-******************* Launching Register Page******************
['INFO ]2023-07-10 16:17:58,888(YYYY-MM-ddHH:MM:ss.SSS][main]utilities_DSAlgo.Loggerload1)-********** Launching Sigin In Page******************
['INFO ]2023-07-10 16:17:59,370(YYYY-MM-ddHH:MM:ss.SSS][main]utilities_DSAlgo.Loggerload1)-********** Launching Sigin In Page******************
['INFO ]2023-07-10 16:18:01,406(YYYY-MM-ddHH:MM:ss.SSS][main]utilities_DSAlgo.Loggerload1)-********** Launching Sigin In Page******************
['INFO ]2023-07-10 16:18:03,697(YYYY-MM-ddHH:MM:ss.SSS][main]utilities_DSAlgo.Loggerload1)-********** Launching Sigin In Page******************
['INFO ]2023-07-10 16:18:04,630(YYYY-MM-ddHH:MM:ss.SSS][main]utilities_DSAlgo.Loggerload1)-********** Launching Sigin In Page******************
['INFO ]2023-07-10 16:18:05,487(YYYY-MM-ddHH:MM:ss.SSS][main]utilities_DSAlgo.Loggerload1)-********** Launching Sigin In Page******************
['INFO ]2023-07-10 16:18:09,788(YYYY-MM-ddHH:MM:ss.SSS][main]utilities_DSAlgo.Loggerload1)-****** Launching DS Intro Page******************
['INFO ]2023-07-10 16:18:17,817(YYYY-MM-ddHH:MM:ss.SSS][main]utilities_DSAlgo.Loggerload1)-****** Launching Array Page******************
['WARN ]2023-07-10 16:36:13,329(YYYY-MM-ddHH:MM:ss.SSS][main]utilities_DSAlgo.Loggerload1)-*******Driver is null*****
['WARN ]2023-07-10 16:37:20,236(YYYY-MM-ddHH:MM:ss.SSS][main]utilities_DSAlgo.Loggerload1)-*******Driver is null*****
['WARN ]2023-07-10 16:40:40,930(YYYY-MM-ddHH:MM:ss.SSS][main]utilities_DSAlgo.Loggerload1)-*******Driver is null*****
['WARN ]2023-07-10 16:43:12,308(YYYY-MM-ddHH:MM:ss.SSS][main]utilities_DSAlgo.Loggerload1)-*******Driver is null*****
['INFO ]2023-07-10 16:43:16,691(YYYY-MM-ddHH:MM:ss.SSS][main]utilities_DSAlgo.Loggerload1)-******************* Launching Home Page******************
['INFO ]2023-07-10 16:43:25,150(YYYY-MM-ddHH:MM:ss.SSS][main]utilities_DSAlgo.Loggerload1)-******************* Launching Register Page******************
['INFO ]2023-07-10 16:43:26,030(YYYY-MM-ddHH:MM:ss.SSS][main]utilities_DSAlgo.Loggerload1)-******************* Launching Register Page******************
['INFO ]2023-07-10 16:43:26,782(YYYY-MM-ddHH:MM:ss.SSS][main]utilities_DSAlgo.Loggerload1)-******************* Launching Register Page******************
['INFO ]2023-07-10 16:43:27,748(YYYY-MM-ddHH:MM:ss.SSS][main]utilities_DSAlgo.Loggerload1)-******************* Launching Register Page******************
['INFO ]2023-07-10 16:43:28,707(YYYY-MM-ddHH:MM:ss.SSS][main]utilities_DSAlgo.Loggerload1)-******************* Launching Register Page******************
['INFO ]2023-07-10 16:43:29,633(YYYY-MM-ddHH:MM:ss.SSS][main]utilities_DSAlgo.Loggerload1)-******************* Launching Register Page******************
['INFO ]2023-07-10 16:43:30,559(YYYY-MM-ddHH:MM:ss.SSS][main]utilities_DSAlgo.Loggerload1)-******************* Launching Register Page******************
['INFO ]2023-07-10 16:43:31,635(YYYY-MM-ddHH:MM:ss.SSS][main]utilities_DSAlgo.Loggerload1)-******************* Launching Register Page******************
['INFO ]2023-07-10 16:43:32,565(YYYY-MM-ddHH:MM:ss.SSS][main]utilities_DSAlgo.Loggerload1)-******************* Launching Register Page******************
['INFO ]2023-07-10 16:43:33,590(YYYY-MM-ddHH:MM:ss.SSS][main]utilities_DSAlgo.Loggerload1)-******************* Launching Register Page******************
['INFO ]2023-07-10 16:43:35,517(YYYY-MM-ddHH:MM:ss.SSS][main]utilities_DSAlgo.Loggerload1)-******************* Launching Register Page******************
['INFO ]2023-07-10 16:43:36,604(YYYY-MM-ddHH:MM:ss.SSS][main]utilities_DSAlgo.Loggerload1)-******************* Launching Register Page******************
['INFO ]2023-07-10 16:43:38,689(YYYY-MM-ddHH:MM:ss.SSS][main]utilities_DSAlgo.Loggerload1)-********** Launching Sigin In Page******************
['INFO ]2023-07-10 16:43:39,137(YYYY-MM-ddHH:MM:ss.SSS][main]utilities_DSAlgo.Loggerload1)-********** Launching Sigin In Page******************
['INFO ]2023-07-10 16:43:41,102(YYYY-MM-ddHH:MM:ss.SSS][main]utilities_DSAlgo.Loggerload1)-********** Launching Sigin In Page******************
['INFO ]2023-07-10 16:43:43,214(YYYY-MM-ddHH:MM:ss.SSS][main]utilities_DSAlgo.Loggerload1)-********** Launching Sigin In Page******************
['INFO ]2023-07-10 16:43:44,214(YYYY-MM-ddHH:MM:ss.SSS][main]utilities_DSAlgo.Loggerload1)-********** Launching Sigin In Page******************
['INFO ]2023-07-10 16:43:45,171(YYYY-MM-ddHH:MM:ss.SSS][main]utilities_DSAlgo.Loggerload1)-********** Launching Sigin In Page******************
['INFO ]2023-07-10 16:43:49,044(YYYY-MM-ddHH:MM:ss.SSS][main]utilities_DSAlgo.Loggerload1)-****** Launching DS Intro Page******************
['INFO ]2023-07-10 16:43:53,897(YYYY-MM-ddHH:MM:ss.SSS][main]utilities_DSAlgo.Loggerload1)-****** Launching Array Page******************
['WARN ]2023-07-11 15:23:46,401(YYYY-MM-ddHH:MM:ss.SSS][main]utilities_DSAlgo.Loggerload1)-*******Driver is null*****
['INFO ]2023-07-11 15:23:57,450(YYYY-MM-ddHH:MM:ss.SSS][main]utilities_DSAlgo.Loggerload1)-******************* Launching Home Page******************
['INFO ]2023-07-11 15:24:20,378(YYYY-MM-ddHH:MM:ss.SSS][main]utilities_DSAlgo.Loggerload1)-******************* Launching Register Page******************
['INFO ]2023-07-11 15:24:22,178(YYYY-MM-ddHH:MM:ss.SSS][main]utilities_DSAlgo.Loggerload1)-******************* Launching Register Page******************
['INFO ]2023-07-11 15:24:23,384(YYYY-MM-ddHH:MM:ss.SSS][main]utilities_DSAlgo.Loggerload1)-******************* Launching Register Page******************
['INFO ]2023-07-11 15:24:25,971(YYYY-MM-ddHH:MM:ss.SSS][main]utilities_DSAlgo.Loggerload1)-******************* Launching Register Page******************
['INFO ]2023-07-11 15:24:28,483(YYYY-MM-ddHH:MM:ss.SSS][main]utilities_DSAlgo.Loggerload1)-******************* Launching Register Page******************
['INFO ]2023-07-11 15:24:31,525(YYYY-MM-ddHH:MM:ss.SSS][main]utilities_DSAlgo.Loggerload1)-******************* Launching Register Page******************
['INFO ]2023-07-11 15:24:34,048(YYYY-MM-ddHH:MM:ss.SSS][main]utilities_DSAlgo.Loggerload1)-******************* Launching Register Page******************
['INFO ]2023-07-11 15:24:35,795(YYYY-MM-ddHH:MM:ss.SSS][main]utilities_DSAlgo.Loggerload1)-******************* Launching Register Page******************
['INFO ]2023-07-11 15:24:37,202(YYYY-MM-ddHH:MM:ss.SSS][main]utilities_DSAlgo.Loggerload1)-******************* Launching Register Page******************
['INFO ]2023-07-11 15:24:38,474(YYYY-MM-ddHH:MM:ss.SSS][main]utilities_DSAlgo.Loggerload1)-******************* Launching Register Page******************
['INFO ]2023-07-11 15:24:40,586(YYYY-MM-ddHH:MM:ss.SSS][main]utilities_DSAlgo.Loggerload1)-******************* Launching Register Page******************
['INFO ]2023-07-11 15:24:41,754(YYYY-MM-ddHH:MM:ss.SSS][main]utilities_DSAlgo.Loggerload1)-******************* Launching Register Page******************
['INFO ]2023-07-11 15:24:44,138(YYYY-MM-ddHH:MM:ss.SSS][main]utilities_DSAlgo.Loggerload1)-********** Launching Sigin In Page******************
['INFO ]2023-07-11 15:24:44,769(YYYY-MM-ddHH:MM:ss.SSS][main]utilities_DSAlgo.Loggerload1)-********** Launching Sigin In Page******************
['INFO ]2023-07-11 15:24:47,860(YYYY-MM-ddHH:MM:ss.SSS][main]utilities_DSAlgo.Loggerload1)-********** Launching Sigin In Page******************
['INFO ]2023-07-11 15:24:51,894(YYYY-MM-ddHH:MM:ss.SSS][main]utilities_DSAlgo.Loggerload1)-********** Launching Sigin In Page******************
['INFO ]2023-07-11 15:24:53,089(YYYY-MM-ddHH:MM:ss.SSS][main]utilities_DSAlgo.Loggerload1)-********** Launching Sigin In Page******************
['INFO ]2023-07-11 15:24:54,327(YYYY-MM-ddHH:MM:ss.SSS][main]utilities_DSAlgo.Loggerload1)-********** Launching Sigin In Page******************
['INFO ]2023-07-11 15:25:05,717(YYYY-MM-ddHH:MM:ss.SSS][main]utilities_DSAlgo.Loggerload1)-****** Launching DS Intro Page******************
['INFO ]2023-07-11 15:25:14,243(YYYY-MM-ddHH:MM:ss.SSS][main]utilities_DSAlgo.Loggerload1)-****** Launching Array Page******************
['WARN ]2023-07-11 17:29:38,301(YYYY-MM-ddHH:MM:ss.SSS][main]utilities_DSAlgo.Loggerload1)-*******Driver is null*****
['INFO ]2023-07-11 17:29:48,060(YYYY-MM-ddHH:MM:ss.SSS][main]utilities_DSAlgo.Loggerload1)-******************* Launching Home Page******************
['INFO ]2023-07-11 17:29:58,341(YYYY-MM-ddHH:MM:ss.SSS][main]utilities_DSAlgo.Loggerload1)-******************* Launching Register Page******************
['INFO ]2023-07-11 17:29:59,582(YYYY-MM-ddHH:MM:ss.SSS][main]utilities_DSAlgo.Loggerload1)-******************* Launching Register Page******************
['INFO ]2023-07-11 17:30:00,533(YYYY-MM-ddHH:MM:ss.SSS][main]utilities_DSAlgo.Loggerload1)-******************* Launching Register Page******************
['INFO ]2023-07-11 17:30:01,632(YYYY-MM-ddHH:MM:ss.SSS][main]utilities_DSAlgo.Loggerload1)-******************* Launching Register Page******************
['INFO ]2023-07-11 17:30:02,644(YYYY-MM-ddHH:MM:ss.SSS][main]utilities_DSAlgo.Loggerload1)-******************* Launching Register Page******************
['INFO ]2023-07-11 17:30:03,735(YYYY-MM-ddHH:MM:ss.SSS][main]utilities_DSAlgo.Loggerload1)-******************* Launching Register Page******************
['INFO ]2023-07-11 17:30:04,885(YYYY-MM-ddHH:MM:ss.SSS][main]utilities_DSAlgo.Loggerload1)-******************* Launching Register Page******************
['INFO ]2023-07-11 17:30:06,169(YYYY-MM-ddHH:MM:ss.SSS][main]utilities_DSAlgo.Loggerload1)-******************* Launching Register Page******************
['INFO ]2023-07-11 17:30:07,378(YYYY-MM-ddHH:MM:ss.SSS][main]utilities_DSAlgo.Loggerload1)-******************* Launching Register Page******************
['INFO ]2023-07-11 17:30:08,547(YYYY-MM-ddHH:MM:ss.SSS][main]utilities_DSAlgo.Loggerload1)-******************* Launching Register Page******************
['INFO ]2023-07-11 17:30:10,960(YYYY-MM-ddHH:MM:ss.SSS][main]utilities_DSAlgo.Loggerload1)-******************* Launching Register Page******************
['INFO ]2023-07-11 17:30:12,071(YYYY-MM-ddHH:MM:ss.SSS][main]utilities_DSAlgo.Loggerload1)-******************* Launching Register Page******************
['INFO ]2023-07-11 17:30:14,186(YYYY-MM-ddHH:MM:ss.SSS][main]utilities_DSAlgo.Loggerload1)-********** Launching Sigin In Page******************
['INFO ]2023-07-11 17:30:14,755(YYYY-MM-ddHH:MM:ss.SSS][main]utilities_DSAlgo.Loggerload1)-********** Launching Sigin In Page******************
['INFO ]2023-07-11 17:30:17,321(YYYY-MM-ddHH:MM:ss.SSS][main]utilities_DSAlgo.Loggerload1)-********** Launching Sigin In Page******************
['INFO ]2023-07-11 17:30:20,632(YYYY-MM-ddHH:MM:ss.SSS][main]utilities_DSAlgo.Loggerload1)-********** Launching Sigin In Page******************
['INFO ]2023-07-11 17:30:21,996(YYYY-MM-ddHH:MM:ss.SSS][main]utilities_DSAlgo.Loggerload1)-********** Launching Sigin In Page******************
['INFO ]2023-07-11 17:30:23,243(YYYY-MM-ddHH:MM:ss.SSS][main]utilities_DSAlgo.Loggerload1)-********** Launching Sigin In Page******************
['INFO ]2023-07-11 17:30:27,577(YYYY-MM-ddHH:MM:ss.SSS][main]utilities_DSAlgo.Loggerload1)-****** Launching DS Intro Page******************
['INFO ]2023-07-11 17:30:34,706(YYYY-MM-ddHH:MM:ss.SSS][main]utilities_DSAlgo.Loggerload1)-****** Launching Array Page******************
['WARN ]2023-07-12 12:36:36,984(YYYY-MM-ddHH:MM:ss.SSS][main]utilities_DSAlgo.Loggerload1)-*******Driver is null*****
['INFO ]2023-07-12 12:36:44,255(YYYY-MM-ddHH:MM:ss.SSS][main]utilities_DSAlgo.Loggerload1)-******************* Launching Home Page******************
['INFO ]2023-07-12 12:36:53,454(YYYY-MM-ddHH:MM:ss.SSS][main]utilities_DSAlgo.Loggerload1)-******************* Launching Register Page******************
['INFO ]2023-07-12 12:36:54,950(YYYY-MM-ddHH:MM:ss.SSS][main]utilities_DSAlgo.Loggerload1)-******************* Launching Register Page******************
['INFO ]2023-07-12 12:36:55,740(YYYY-MM-ddHH:MM:ss.SSS][main]utilities_DSAlgo.Loggerload1)-******************* Launching Register Page******************
['INFO ]2023-07-12 12:36:56,951(YYYY-MM-ddHH:MM:ss.SSS][main]utilities_DSAlgo.Loggerload1)-******************* Launching Register Page******************
['INFO ]2023-07-12 12:36:57,797(YYYY-MM-ddHH:MM:ss.SSS][main]utilities_DSAlgo.Loggerload1)-******************* Launching Register Page******************
['INFO ]2023-07-12 12:36:58,774(YYYY-MM-ddHH:MM:ss.SSS][main]utilities_DSAlgo.Loggerload1)-******************* Launching Register Page******************
['INFO ]2023-07-12 12:36:59,738(YYYY-MM-ddHH:MM:ss.SSS][main]utilities_DSAlgo.Loggerload1)-******************* Launching Register Page******************
['INFO ]2023-07-12 12:37:00,818(YYYY-MM-ddHH:MM:ss.SSS][main]utilities_DSAlgo.Loggerload1)-******************* Launching Register Page******************
['INFO ]2023-07-12 12:37:01,782(YYYY-MM-ddHH:MM:ss.SSS][main]utilities_DSAlgo.Loggerload1)-******************* Launching Register Page******************
['INFO ]2023-07-12 12:37:02,875(YYYY-MM-ddHH:MM:ss.SSS][main]utilities_DSAlgo.Loggerload1)-******************* Launching Register Page******************
['INFO ]2023-07-12 12:37:04,917(YYYY-MM-ddHH:MM:ss.SSS][main]utilities_DSAlgo.Loggerload1)-******************* Launching Register Page******************
['INFO ]2023-07-12 12:37:06,124(YYYY-MM-ddHH:MM:ss.SSS][main]utilities_DSAlgo.Loggerload1)-******************* Launching Register Page******************
['INFO ]2023-07-12 12:37:08,125(YYYY-MM-ddHH:MM:ss.SSS][main]utilities_DSAlgo.Loggerload1)-********** Launching Sigin In Page******************
['INFO ]2023-07-12 12:37:08,641(YYYY-MM-ddHH:MM:ss.SSS][main]utilities_DSAlgo.Loggerload1)-********** Launching Sigin In Page******************
['INFO ]2023-07-12 12:37:10,738(YYYY-MM-ddHH:MM:ss.SSS][main]utilities_DSAlgo.Loggerload1)-********** Launching Sigin In Page******************
['INFO ]2023-07-12 12:37:12,753(YYYY-MM-ddHH:MM:ss.SSS][main]utilities_DSAlgo.Loggerload1)-********** Launching Sigin In Page******************
['INFO ]2023-07-12 12:37:13,591(YYYY-MM-ddHH:MM:ss.SSS][main]utilities_DSAlgo.Loggerload1)-********** Launching Sigin In Page******************
['INFO ]2023-07-12 12:37:14,452(YYYY-MM-ddHH:MM:ss.SSS][main]utilities_DSAlgo.Loggerload1)-********** Launching Sigin In Page******************
['INFO ]2023-07-12 12:37:18,425(YYYY-MM-ddHH:MM:ss.SSS][main]utilities_DSAlgo.Loggerload1)-****** Launching DS Intro Page******************
['INFO ]2023-07-12 12:37:23,263(YYYY-MM-ddHH:MM:ss.SSS][main]utilities_DSAlgo.Loggerload1)-****** Launching Array Page******************
['WARN ]2023-07-12 12:48:03,300(YYYY-MM-ddHH:MM:ss.SSS][main]utilities_DSAlgo.Loggerload1)-*******Driver is null*****
['INFO ]2023-07-12 12:48:08,036(YYYY-MM-ddHH:MM:ss.SSS][main]utilities_DSAlgo.Loggerload1)-******************* Launching Home Page******************
['WARN ]2023-07-12 12:54:56,812(YYYY-MM-ddHH:MM:ss.SSS][main]utilities_DSAlgo.Loggerload1)-*******Driver is null*****
['INFO ]2023-07-12 12:55:01,856(YYYY-MM-ddHH:MM:ss.SSS][main]utilities_DSAlgo.Loggerload1)-******************* Launching Home Page******************
['INFO ]2023-07-12 12:55:11,037(YYYY-MM-ddHH:MM:ss.SSS][main]utilities_DSAlgo.Loggerload1)-******************* Launching Register Page******************
['INFO ]2023-07-12 12:55:12,086(YYYY-MM-ddHH:MM:ss.SSS][main]utilities_DSAlgo.Loggerload1)-******************* Launching Register Page******************
['INFO ]2023-07-12 12:55:12,742(YYYY-MM-ddHH:MM:ss.SSS][main]utilities_DSAlgo.Loggerload1)-******************* Launching Register Page******************
['INFO ]2023-07-12 12:55:13,646(YYYY-MM-ddHH:MM:ss.SSS][main]utilities_DSAlgo.Loggerload1)-******************* Launching Register Page******************
['INFO ]2023-07-12 12:55:14,408(YYYY-MM-ddHH:MM:ss.SSS][main]utilities_DSAlgo.Loggerload1)-******************* Launching Register Page******************
['INFO ]2023-07-12 12:55:15,499(YYYY-MM-ddHH:MM:ss.SSS][main]utilities_DSAlgo.Loggerload1)-******************* Launching Register Page******************
['INFO ]2023-07-12 12:55:16,377(YYYY-MM-ddHH:MM:ss.SSS][main]utilities_DSAlgo.Loggerload1)-******************* Launching Register Page******************
['INFO ]2023-07-12 12:55:17,328(YYYY-MM-ddHH:MM:ss.SSS][main]utilities_DSAlgo.Loggerload1)-******************* Launching Register Page******************
['INFO ]2023-07-12 12:55:18,438(YYYY-MM-ddHH:MM:ss.SSS][main]utilities_DSAlgo.Loggerload1)-******************* Launching Register Page******************
['INFO ]2023-07-12 12:55:19,552(YYYY-MM-ddHH:MM:ss.SSS][main]utilities_DSAlgo.Loggerload1)-******************* Launching Register Page******************
['INFO ]2023-07-12 12:55:21,730(YYYY-MM-ddHH:MM:ss.SSS][main]utilities_DSAlgo.Loggerload1)-******************* Launching Register Page******************
['INFO ]2023-07-12 12:55:22,627(YYYY-MM-ddHH:MM:ss.SSS][main]utilities_DSAlgo.Loggerload1)-******************* Launching Register Page******************
['INFO ]2023-07-12 12:55:24,625(YYYY-MM-ddHH:MM:ss.SSS][main]utilities_DSAlgo.Loggerload1)-********** Launching Sigin In Page******************
['INFO ]2023-07-12 12:55:25,089(YYYY-MM-ddHH:MM:ss.SSS][main]utilities_DSAlgo.Loggerload1)-********** Launching Sigin In Page******************
['INFO ]2023-07-12 12:55:26,839(YYYY-MM-ddHH:MM:ss.SSS][main]utilities_DSAlgo.Loggerload1)-********** Launching Sigin In Page******************
['INFO ]2023-07-12 12:55:29,144(YYYY-MM-ddHH:MM:ss.SSS][main]utilities_DSAlgo.Loggerload1)-********** Launching Sigin In Page******************
['INFO ]2023-07-12 12:55:30,223(YYYY-MM-ddHH:MM:ss.SSS][main]utilities_DSAlgo.Loggerload1)-********** Launching Sigin In Page******************
['INFO ]2023-07-12 12:55:31,134(YYYY-MM-ddHH:MM:ss.SSS][main]utilities_DSAlgo.Loggerload1)-********** Launching Sigin In Page******************
['INFO ]2023-07-12 12:55:34,853(YYYY-MM-ddHH:MM:ss.SSS][main]utilities_DSAlgo.Loggerload1)-****** Launching DS Intro Page******************
['INFO ]2023-07-12 12:55:40,126(YYYY-MM-ddHH:MM:ss.SSS][main]utilities_DSAlgo.Loggerload1)-****** Launching Array Page******************
['WARN ]2023-07-12 17:39:06,815(YYYY-MM-ddHH:MM:ss.SSS][main]utilities_DSAlgo.Loggerload1)-*******Driver is null*****
['INFO ]2023-07-12 17:39:22,677(YYYY-MM-ddHH:MM:ss.SSS][main]utilities_DSAlgo.Loggerload1)-******************* Launching Home Page******************
['INFO ]2023-07-12 17:39:32,259(YYYY-MM-ddHH:MM:ss.SSS][main]utilities_DSAlgo.Loggerload1)-******************* Launching Register Page******************
['INFO ]2023-07-12 17:39:33,393(YYYY-MM-ddHH:MM:ss.SSS][main]utilities_DSAlgo.Loggerload1)-******************* Launching Register Page******************
['INFO ]2023-07-12 17:39:34,731(YYYY-MM-ddHH:MM:ss.SSS][main]utilities_DSAlgo.Loggerload1)-******************* Launching Register Page******************
['INFO ]2023-07-12 17:39:35,993(YYYY-MM-ddHH:MM:ss.SSS][main]utilities_DSAlgo.Loggerload1)-******************* Launching Register Page******************
['INFO ]2023-07-12 17:39:36,898(YYYY-MM-ddHH:MM:ss.SSS][main]utilities_DSAlgo.Loggerload1)-******************* Launching Register Page******************
['INFO ]2023-07-12 17:39:38,090(YYYY-MM-ddHH:MM:ss.SSS][main]utilities_DSAlgo.Loggerload1)-******************* Launching Register Page******************
['INFO ]2023-07-12 17:39:39,603(YYYY-MM-ddHH:MM:ss.SSS][main]utilities_DSAlgo.Loggerload1)-******************* Launching Register Page******************
['INFO ]2023-07-12 17:39:41,295(YYYY-MM-ddHH:MM:ss.SSS][main]utilities_DSAlgo.Loggerload1)-******************* Launching Register Page******************
['INFO ]2023-07-12 17:39:42,710(YYYY-MM-ddHH:MM:ss.SSS][main]utilities_DSAlgo.Loggerload1)-******************* Launching Register Page******************
['INFO ]2023-07-12 17:39:43,904(YYYY-MM-ddHH:MM:ss.SSS][main]utilities_DSAlgo.Loggerload1)-******************* Launching Register Page******************
['INFO ]2023-07-12 17:39:46,604(YYYY-MM-ddHH:MM:ss.SSS][main]utilities_DSAlgo.Loggerload1)-******************* Launching Register Page******************
['INFO ]2023-07-12 17:39:47,702(YYYY-MM-ddHH:MM:ss.SSS][main]utilities_DSAlgo.Loggerload1)-******************* Launching Register Page******************
['INFO ]2023-07-12 17:39:50,074(YYYY-MM-ddHH:MM:ss.SSS][main]utilities_DSAlgo.Loggerload1)-********** Launching Sigin In Page******************
['INFO ]2023-07-12 17:39:50,473(YYYY-MM-ddHH:MM:ss.SSS][main]utilities_DSAlgo.Loggerload1)-********** Launching Sigin In Page******************
['INFO ]2023-07-12 17:39:52,305(YYYY-MM-ddHH:MM:ss.SSS][main]utilities_DSAlgo.Loggerload1)-********** Launching Sigin In Page******************
['INFO ]2023-07-12 17:39:55,316(YYYY-MM-ddHH:MM:ss.SSS][main]utilities_DSAlgo.Loggerload1)-********** Launching Sigin In Page******************
['INFO ]2023-07-12 17:39:56,472(YYYY-MM-ddHH:MM:ss.SSS][main]utilities_DSAlgo.Loggerload1)-********** Launching Sigin In Page******************
['INFO ]2023-07-12 17:39:57,822(YYYY-MM-ddHH:MM:ss.SSS][main]utilities_DSAlgo.Loggerload1)-********** Launching Sigin In Page******************
['INFO ]2023-07-12 17:40:01,941(YYYY-MM-ddHH:MM:ss.SSS][main]utilities_DSAlgo.Loggerload1)-****** Launching DS Intro Page******************
['INFO ]2023-07-12 17:40:26,387(YYYY-MM-ddHH:MM:ss.SSS][main]utilities_DSAlgo.Loggerload1)-****** Launching Array Page******************
['WARN ]2023-07-14 23:26:36,550(YYYY-MM-ddHH:MM:ss.SSS][main]utilities_DSAlgo.Loggerload1)-*******Driver is null*****
['INFO ]2023-07-14 23:26:41,001(YYYY-MM-ddHH:MM:ss.SSS][main]utilities_DSAlgo.Loggerload1)-******************* Launching Home Page******************
['INFO ]2023-07-14 23:26:49,225(YYYY-MM-ddHH:MM:ss.SSS][main]utilities_DSAlgo.Loggerload1)-******************* Launching Register Page******************
['INFO ]2023-07-14 23:26:50,240(YYYY-MM-ddHH:MM:ss.SSS][main]utilities_DSAlgo.Loggerload1)-******************* Launching Register Page******************
['INFO ]2023-07-14 23:26:50,923(YYYY-MM-ddHH:MM:ss.SSS][main]utilities_DSAlgo.Loggerload1)-******************* Launching Register Page******************
['INFO ]2023-07-14 23:26:51,779(YYYY-MM-ddHH:MM:ss.SSS][main]utilities_DSAlgo.Loggerload1)-******************* Launching Register Page******************
['INFO ]2023-07-14 23:26:52,719(YYYY-MM-ddHH:MM:ss.SSS][main]utilities_DSAlgo.Loggerload1)-******************* Launching Register Page******************
['INFO ]2023-07-14 23:26:53,785(YYYY-MM-ddHH:MM:ss.SSS][main]utilities_DSAlgo.Loggerload1)-******************* Launching Register Page******************
['INFO ]2023-07-14 23:26:54,677(YYYY-MM-ddHH:MM:ss.SSS][main]utilities_DSAlgo.Loggerload1)-******************* Launching Register Page******************
['INFO ]2023-07-14 23:26:55,720(YYYY-MM-ddHH:MM:ss.SSS][main]utilities_DSAlgo.Loggerload1)-******************* Launching Register Page******************
['INFO ]2023-07-14 23:26:56,731(YYYY-MM-ddHH:MM:ss.SSS][main]utilities_DSAlgo.Loggerload1)-******************* Launching Register Page******************
['INFO ]2023-07-14 23:26:57,729(YYYY-MM-ddHH:MM:ss.SSS][main]utilities_DSAlgo.Loggerload1)-******************* Launching Register Page******************
['INFO ]2023-07-14 23:27:00,196(YYYY-MM-ddHH:MM:ss.SSS][main]utilities_DSAlgo.Loggerload1)-******************* Launching Register Page******************
['INFO ]2023-07-14 23:27:01,273(YYYY-MM-ddHH:MM:ss.SSS][main]utilities_DSAlgo.Loggerload1)-******************* Launching Register Page******************
['INFO ]2023-07-14 23:27:03,689(YYYY-MM-ddHH:MM:ss.SSS][main]utilities_DSAlgo.Loggerload1)-********** Launching Sigin In Page******************
['INFO ]2023-07-14 23:27:04,046(YYYY-MM-ddHH:MM:ss.SSS][main]utilities_DSAlgo.Loggerload1)-********** Launching Sigin In Page******************
['INFO ]2023-07-14 23:27:05,873(YYYY-MM-ddHH:MM:ss.SSS][main]utilities_DSAlgo.Loggerload1)-********** Launching Sigin In Page******************
['INFO ]2023-07-14 23:27:07,746(YYYY-MM-ddHH:MM:ss.SSS][main]utilities_DSAlgo.Loggerload1)-********** Launching Sigin In Page******************
['INFO ]2023-07-14 23:27:08,663(YYYY-MM-ddHH:MM:ss.SSS][main]utilities_DSAlgo.Loggerload1)-********** Launching Sigin In Page******************
['INFO ]2023-07-14 23:27:09,626(YYYY-MM-ddHH:MM:ss.SSS][main]utilities_DSAlgo.Loggerload1)-********** Launching Sigin In Page******************
['INFO ]2023-07-14 23:27:13,480(YYYY-MM-ddHH:MM:ss.SSS][main]utilities_DSAlgo.Loggerload1)-****** Launching DS Intro Page******************
['INFO ]2023-07-14 23:27:38,172(YYYY-MM-ddHH:MM:ss.SSS][main]utilities_DSAlgo.Loggerload1)-****** Launching Array Page******************
['WARN ]2023-07-16 15:24:06,256(YYYY-MM-ddHH:MM:ss.SSS][main]utilities_DSAlgo.Loggerload1)-*******Driver is null*****
['INFO ]2023-07-16 15:24:13,948(YYYY-MM-ddHH:MM:ss.SSS][main]utilities_DSAlgo.Loggerload1)-******************* Launching Home Page******************
['INFO ]2023-07-16 15:24:28,036(YYYY-MM-ddHH:MM:ss.SSS][main]utilities_DSAlgo.Loggerload1)-******************* Launching Register Page******************
['INFO ]2023-07-16 15:24:29,577(YYYY-MM-ddHH:MM:ss.SSS][main]utilities_DSAlgo.Loggerload1)-******************* Launching Register Page******************
['INFO ]2023-07-16 15:24:30,319(YYYY-MM-ddHH:MM:ss.SSS][main]utilities_DSAlgo.Loggerload1)-******************* Launching Register Page******************
['INFO ]2023-07-16 15:24:31,205(YYYY-MM-ddHH:MM:ss.SSS][main]utilities_DSAlgo.Loggerload1)-******************* Launching Register Page******************
['INFO ]2023-07-16 15:24:33,243(YYYY-MM-ddHH:MM:ss.SSS][main]utilities_DSAlgo.Loggerload1)-******************* Launching Register Page******************
['INFO ]2023-07-16 15:24:34,331(YYYY-MM-ddHH:MM:ss.SSS][main]utilities_DSAlgo.Loggerload1)-******************* Launching Register Page******************
['INFO ]2023-07-16 15:24:35,470(YYYY-MM-ddHH:MM:ss.SSS][main]utilities_DSAlgo.Loggerload1)-******************* Launching Register Page******************
['INFO ]2023-07-16 15:24:36,852(YYYY-MM-ddHH:MM:ss.SSS][main]utilities_DSAlgo.Loggerload1)-******************* Launching Register Page******************
['INFO ]2023-07-16 15:24:38,865(YYYY-MM-ddHH:MM:ss.SSS][main]utilities_DSAlgo.Loggerload1)-******************* Launching Register Page******************
['INFO ]2023-07-16 15:24:40,331(YYYY-MM-ddHH:MM:ss.SSS][main]utilities_DSAlgo.Loggerload1)-******************* Launching Register Page******************
['INFO ]2023-07-16 15:24:43,102(YYYY-MM-ddHH:MM:ss.SSS][main]utilities_DSAlgo.Loggerload1)-******************* Launching Register Page******************
['INFO ]2023-07-16 15:24:44,466(YYYY-MM-ddHH:MM:ss.SSS][main]utilities_DSAlgo.Loggerload1)-******************* Launching Register Page******************
['INFO ]2023-07-16 15:24:47,642(YYYY-MM-ddHH:MM:ss.SSS][main]utilities_DSAlgo.Loggerload1)-********** Launching Sigin In Page******************
['INFO ]2023-07-16 15:24:48,387(YYYY-MM-ddHH:MM:ss.SSS][main]utilities_DSAlgo.Loggerload1)-********** Launching Sigin In Page******************
['INFO ]2023-07-16 15:24:53,895(YYYY-MM-ddHH:MM:ss.SSS][main]utilities_DSAlgo.Loggerload1)-********** Launching Sigin In Page******************
['INFO ]2023-07-16 15:24:57,752(YYYY-MM-ddHH:MM:ss.SSS][main]utilities_DSAlgo.Loggerload1)-********** Launching Sigin In Page******************
['INFO ]2023-07-16 15:24:58,815(YYYY-MM-ddHH:MM:ss.SSS][main]utilities_DSAlgo.Loggerload1)-********** Launching Sigin In Page******************
['INFO ]2023-07-16 15:24:59,692(YYYY-MM-ddHH:MM:ss.SSS][main]utilities_DSAlgo.Loggerload1)-********** Launching Sigin In Page******************
['INFO ]2023-07-16 15:25:03,861(YYYY-MM-ddHH:MM:ss.SSS][main]utilities_DSAlgo.Loggerload1)-****** Launching DS Intro Page******************
['INFO ]2023-07-16 15:25:08,743(YYYY-MM-ddHH:MM:ss.SSS][main]utilities_DSAlgo.Loggerload1)-****** Launching Array Page******************
['WARN ]2023-07-16 15:47:52,918(YYYY-MM-ddHH:MM:ss.SSS][main]utilities_DSAlgo.Loggerload1)-*******Driver is null*****
['INFO ]2023-07-16 15:47:57,829(YYYY-MM-ddHH:MM:ss.SSS][main]utilities_DSAlgo.Loggerload1)-******************* Launching Home Page******************
['INFO ]2023-07-16 15:48:06,405(YYYY-MM-ddHH:MM:ss.SSS][main]utilities_DSAlgo.Loggerload1)-******************* Launching Register Page******************
['INFO ]2023-07-16 15:48:07,463(YYYY-MM-ddHH:MM:ss.SSS][main]utilities_DSAlgo.Loggerload1)-******************* Launching Register Page******************
['INFO ]2023-07-16 15:48:08,289(YYYY-MM-ddHH:MM:ss.SSS][main]utilities_DSAlgo.Loggerload1)-******************* Launching Register Page******************
['INFO ]2023-07-16 15:48:09,168(YYYY-MM-ddHH:MM:ss.SSS][main]utilities_DSAlgo.Loggerload1)-******************* Launching Register Page******************
['INFO ]2023-07-16 15:48:09,972(YYYY-MM-ddHH:MM:ss.SSS][main]utilities_DSAlgo.Loggerload1)-******************* Launching Register Page******************
['INFO ]2023-07-16 15:48:11,049(YYYY-MM-ddHH:MM:ss.SSS][main]utilities_DSAlgo.Loggerload1)-******************* Launching Register Page******************
['INFO ]2023-07-16 15:48:12,100(YYYY-MM-ddHH:MM:ss.SSS][main]utilities_DSAlgo.Loggerload1)-******************* Launching Register Page******************
['INFO ]2023-07-16 15:48:13,123(YYYY-MM-ddHH:MM:ss.SSS][main]utilities_DSAlgo.Loggerload1)-******************* Launching Register Page******************
['INFO ]2023-07-16 15:48:14,090(YYYY-MM-ddHH:MM:ss.SSS][main]utilities_DSAlgo.Loggerload1)-******************* Launching Register Page******************
['INFO ]2023-07-16 15:48:15,055(YYYY-MM-ddHH:MM:ss.SSS][main]utilities_DSAlgo.Loggerload1)-******************* Launching Register Page******************
['INFO ]2023-07-16 15:48:17,426(YYYY-MM-ddHH:MM:ss.SSS][main]utilities_DSAlgo.Loggerload1)-******************* Launching Register Page******************
['INFO ]2023-07-16 15:48:18,363(YYYY-MM-ddHH:MM:ss.SSS][main]utilities_DSAlgo.Loggerload1)-******************* Launching Register Page******************
['INFO ]2023-07-16 15:48:20,256(YYYY-MM-ddHH:MM:ss.SSS][main]utilities_DSAlgo.Loggerload1)-********** Launching Sigin In Page******************
['INFO ]2023-07-16 15:48:20,718(YYYY-MM-ddHH:MM:ss.SSS][main]utilities_DSAlgo.Loggerload1)-********** Launching Sigin In Page******************
['INFO ]2023-07-16 15:48:22,716(YYYY-MM-ddHH:MM:ss.SSS][main]utilities_DSAlgo.Loggerload1)-********** Launching Sigin In Page******************
['INFO ]2023-07-16 15:48:24,927(YYYY-MM-ddHH:MM:ss.SSS][main]utilities_DSAlgo.Loggerload1)-********** Launching Sigin In Page******************
['INFO ]2023-07-16 15:48:25,857(YYYY-MM-ddHH:MM:ss.SSS][main]utilities_DSAlgo.Loggerload1)-********** Launching Sigin In Page******************
['INFO ]2023-07-16 15:48:26,829(YYYY-MM-ddHH:MM:ss.SSS][main]utilities_DSAlgo.Loggerload1)-********** Launching Sigin In Page******************
['INFO ]2023-07-16 15:48:30,358(YYYY-MM-ddHH:MM:ss.SSS][main]utilities_DSAlgo.Loggerload1)-****** Launching DS Intro Page******************
['INFO ]2023-07-16 15:48:54,621(YYYY-MM-ddHH:MM:ss.SSS][main]utilities_DSAlgo.Loggerload1)-****** Launching Array Page******************
['WARN ]2023-07-16 22:51:53,731(YYYY-MM-ddHH:MM:ss.SSS][main]utilities_DSAlgo.Loggerload1)-*******Driver is null*****
['INFO ]2023-07-16 22:51:59,965(YYYY-MM-ddHH:MM:ss.SSS][main]utilities_DSAlgo.Loggerload1)-******************* Launching Home Page******************
['INFO ]2023-07-16 22:52:08,558(YYYY-MM-ddHH:MM:ss.SSS][main]utilities_DSAlgo.Loggerload1)-******************* Launching Register Page******************
['INFO ]2023-07-16 22:52:09,670(YYYY-MM-ddHH:MM:ss.SSS][main]utilities_DSAlgo.Loggerload1)-******************* Launching Register Page******************
['INFO ]2023-07-16 22:52:10,351(YYYY-MM-ddHH:MM:ss.SSS][main]utilities_DSAlgo.Loggerload1)-******************* Launching Register Page******************
['INFO ]2023-07-16 22:52:11,305(YYYY-MM-ddHH:MM:ss.SSS][main]utilities_DSAlgo.Loggerload1)-******************* Launching Register Page******************
['INFO ]2023-07-16 22:52:12,277(YYYY-MM-ddHH:MM:ss.SSS][main]utilities_DSAlgo.Loggerload1)-******************* Launching Register Page******************
['INFO ]2023-07-16 22:52:13,397(YYYY-MM-ddHH:MM:ss.SSS][main]utilities_DSAlgo.Loggerload1)-******************* Launching Register Page******************
['INFO ]2023-07-16 22:52:14,302(YYYY-MM-ddHH:MM:ss.SSS][main]utilities_DSAlgo.Loggerload1)-******************* Launching Register Page******************
['INFO ]2023-07-16 22:52:15,387(YYYY-MM-ddHH:MM:ss.SSS][main]utilities_DSAlgo.Loggerload1)-******************* Launching Register Page******************
['INFO ]2023-07-16 22:52:16,300(YYYY-MM-ddHH:MM:ss.SSS][main]utilities_DSAlgo.Loggerload1)-******************* Launching Register Page******************
['INFO ]2023-07-16 22:52:17,297(YYYY-MM-ddHH:MM:ss.SSS][main]utilities_DSAlgo.Loggerload1)-******************* Launching Register Page******************
['INFO ]2023-07-16 22:52:19,359(YYYY-MM-ddHH:MM:ss.SSS][main]utilities_DSAlgo.Loggerload1)-******************* Launching Register Page******************
['INFO ]2023-07-16 22:52:20,320(YYYY-MM-ddHH:MM:ss.SSS][main]utilities_DSAlgo.Loggerload1)-******************* Launching Register Page******************
['INFO ]2023-07-16 22:52:22,565(YYYY-MM-ddHH:MM:ss.SSS][main]utilities_DSAlgo.Loggerload1)-********** Launching Sigin In Page******************
['INFO ]2023-07-16 22:52:23,065(YYYY-MM-ddHH:MM:ss.SSS][main]utilities_DSAlgo.Loggerload1)-********** Launching Sigin In Page******************
['INFO ]2023-07-16 22:52:24,930(YYYY-MM-ddHH:MM:ss.SSS][main]utilities_DSAlgo.Loggerload1)-********** Launching Sigin In Page******************
['INFO ]2023-07-16 22:52:27,148(YYYY-MM-ddHH:MM:ss.SSS][main]utilities_DSAlgo.Loggerload1)-********** Launching Sigin In Page******************
['INFO ]2023-07-16 22:52:28,048(YYYY-MM-ddHH:MM:ss.SSS][main]utilities_DSAlgo.Loggerload1)-********** Launching Sigin In Page******************
['INFO ]2023-07-16 22:52:28,887(YYYY-MM-ddHH:MM:ss.SSS][main]utilities_DSAlgo.Loggerload1)-********** Launching Sigin In Page******************
['INFO ]2023-07-16 22:52:32,353(YYYY-MM-ddHH:MM:ss.SSS][main]utilities_DSAlgo.Loggerload1)-****** Launching DS Intro Page******************
['INFO ]2023-07-16 22:52:37,663(YYYY-MM-ddHH:MM:ss.SSS][main]utilities_DSAlgo.Loggerload1)-****** Launching Array Page******************
['WARN ]2023-07-17 08:18:45,315(YYYY-MM-ddHH:MM:ss.SSS][main]utilities_DSAlgo.Loggerload1)-*******Driver is null*****
['INFO ]2023-07-17 08:18:52,091(YYYY-MM-ddHH:MM:ss.SSS][main]utilities_DSAlgo.Loggerload1)-******************* Launching Home Page******************
['INFO ]2023-07-17 08:19:00,547(YYYY-MM-ddHH:MM:ss.SSS][main]utilities_DSAlgo.Loggerload1)-******************* Launching Register Page******************
['INFO ]2023-07-17 08:19:01,730(YYYY-MM-ddHH:MM:ss.SSS][main]utilities_DSAlgo.Loggerload1)-******************* Launching Register Page******************
['INFO ]2023-07-17 08:19:02,518(YYYY-MM-ddHH:MM:ss.SSS][main]utilities_DSAlgo.Loggerload1)-******************* Launching Register Page******************
['INFO ]2023-07-17 08:19:03,241(YYYY-MM-ddHH:MM:ss.SSS][main]utilities_DSAlgo.Loggerload1)-******************* Launching Register Page******************
['INFO ]2023-07-17 08:19:03,983(YYYY-MM-ddHH:MM:ss.SSS][main]utilities_DSAlgo.Loggerload1)-******************* Launching Register Page******************
['INFO ]2023-07-17 08:19:04,947(YYYY-MM-ddHH:MM:ss.SSS][main]utilities_DSAlgo.Loggerload1)-******************* Launching Register Page******************
['INFO ]2023-07-17 08:19:05,969(YYYY-MM-ddHH:MM:ss.SSS][main]utilities_DSAlgo.Loggerload1)-******************* Launching Register Page******************
['INFO ]2023-07-17 08:19:07,290(YYYY-MM-ddHH:MM:ss.SSS][main]utilities_DSAlgo.Loggerload1)-******************* Launching Register Page******************
['INFO ]2023-07-17 08:19:08,258(YYYY-MM-ddHH:MM:ss.SSS][main]utilities_DSAlgo.Loggerload1)-******************* Launching Register Page******************
['INFO ]2023-07-17 08:19:09,335(YYYY-MM-ddHH:MM:ss.SSS][main]utilities_DSAlgo.Loggerload1)-******************* Launching Register Page******************
['INFO ]2023-07-17 08:19:11,637(YYYY-MM-ddHH:MM:ss.SSS][main]utilities_DSAlgo.Loggerload1)-******************* Launching Register Page******************
['INFO ]2023-07-17 08:19:12,595(YYYY-MM-ddHH:MM:ss.SSS][main]utilities_DSAlgo.Loggerload1)-******************* Launching Register Page******************
['INFO ]2023-07-17 08:19:15,097(YYYY-MM-ddHH:MM:ss.SSS][main]utilities_DSAlgo.Loggerload1)-********** Launching Sigin In Page******************
['INFO ]2023-07-17 08:19:15,548(YYYY-MM-ddHH:MM:ss.SSS][main]utilities_DSAlgo.Loggerload1)-********** Launching Sigin In Page******************
['INFO ]2023-07-17 08:19:17,464(YYYY-MM-ddHH:MM:ss.SSS][main]utilities_DSAlgo.Loggerload1)-********** Launching Sigin In Page******************
['INFO ]2023-07-17 08:19:19,430(YYYY-MM-ddHH:MM:ss.SSS][main]utilities_DSAlgo.Loggerload1)-********** Launching Sigin In Page******************
['INFO ]2023-07-17 08:19:20,283(YYYY-MM-ddHH:MM:ss.SSS][main]utilities_DSAlgo.Loggerload1)-********** Launching Sigin In Page******************
['INFO ]2023-07-17 08:19:21,097(YYYY-MM-ddHH:MM:ss.SSS][main]utilities_DSAlgo.Loggerload1)-********** Launching Sigin In Page******************
['INFO ]2023-07-17 08:19:35,022(YYYY-MM-ddHH:MM:ss.SSS][main]utilities_DSAlgo.Loggerload1)-****** Launching DS Intro Page******************
['INFO ]2023-07-17 08:19:38,021(YYYY-MM-ddHH:MM:ss.SSS][main]utilities_DSAlgo.Loggerload1)-****** Launching Array Page******************
['WARN ]2023-07-17 08:28:28,305(YYYY-MM-ddHH:MM:ss.SSS][main]utilities_DSAlgo.Loggerload1)-*******Driver is null*****
['WARN ]2023-07-17 08:30:05,654(YYYY-MM-ddHH:MM:ss.SSS][main]utilities_DSAlgo.Loggerload1)-*******Driver is null*****
['INFO ]2023-07-17 08:30:10,287(YYYY-MM-ddHH:MM:ss.SSS][main]utilities_DSAlgo.Loggerload1)-******************* Launching Home Page******************
['INFO ]2023-07-17 08:30:19,821(YYYY-MM-ddHH:MM:ss.SSS][main]utilities_DSAlgo.Loggerload1)-******************* Launching Register Page******************
['INFO ]2023-07-17 08:30:21,011(YYYY-MM-ddHH:MM:ss.SSS][main]utilities_DSAlgo.Loggerload1)-******************* Launching Register Page******************
['INFO ]2023-07-17 08:30:21,790(YYYY-MM-ddHH:MM:ss.SSS][main]utilities_DSAlgo.Loggerload1)-******************* Launching Register Page******************
['INFO ]2023-07-17 08:30:22,802(YYYY-MM-ddHH:MM:ss.SSS][main]utilities_DSAlgo.Loggerload1)-******************* Launching Register Page******************
['INFO ]2023-07-17 08:30:23,847(YYYY-MM-ddHH:MM:ss.SSS][main]utilities_DSAlgo.Loggerload1)-******************* Launching Register Page******************
['INFO ]2023-07-17 08:30:24,900(YYYY-MM-ddHH:MM:ss.SSS][main]utilities_DSAlgo.Loggerload1)-******************* Launching Register Page******************
['INFO ]2023-07-17 08:30:25,923(YYYY-MM-ddHH:MM:ss.SSS][main]utilities_DSAlgo.Loggerload1)-******************* Launching Register Page******************
['INFO ]2023-07-17 08:30:26,989(YYYY-MM-ddHH:MM:ss.SSS][main]utilities_DSAlgo.Loggerload1)-******************* Launching Register Page******************
['INFO ]2023-07-17 08:30:28,014(YYYY-MM-ddHH:MM:ss.SSS][main]utilities_DSAlgo.Loggerload1)-******************* Launching Register Page******************
['INFO ]2023-07-17 08:30:29,180(YYYY-MM-ddHH:MM:ss.SSS][main]utilities_DSAlgo.Loggerload1)-******************* Launching Register Page******************
['INFO ]2023-07-17 08:30:31,805(YYYY-MM-ddHH:MM:ss.SSS][main]utilities_DSAlgo.Loggerload1)-******************* Launching Register Page******************
['INFO ]2023-07-17 08:30:32,901(YYYY-MM-ddHH:MM:ss.SSS][main]utilities_DSAlgo.Loggerload1)-******************* Launching Register Page******************
['INFO ]2023-07-17 08:30:35,342(YYYY-MM-ddHH:MM:ss.SSS][main]utilities_DSAlgo.Loggerload1)-********** Launching Sigin In Page******************
['INFO ]2023-07-17 08:30:35,770(YYYY-MM-ddHH:MM:ss.SSS][main]utilities_DSAlgo.Loggerload1)-********** Launching Sigin In Page******************
['INFO ]2023-07-17 08:30:37,536(YYYY-MM-ddHH:MM:ss.SSS][main]utilities_DSAlgo.Loggerload1)-********** Launching Sigin In Page******************
['INFO ]2023-07-17 08:30:39,729(YYYY-MM-ddHH:MM:ss.SSS][main]utilities_DSAlgo.Loggerload1)-********** Launching Sigin In Page******************
['INFO ]2023-07-17 08:30:40,801(YYYY-MM-ddHH:MM:ss.SSS][main]utilities_DSAlgo.Loggerload1)-********** Launching Sigin In Page******************
['INFO ]2023-07-17 08:30:42,071(YYYY-MM-ddHH:MM:ss.SSS][main]utilities_DSAlgo.Loggerload1)-********** Launching Sigin In Page******************
['INFO ]2023-07-17 08:30:57,072(YYYY-MM-ddHH:MM:ss.SSS][main]utilities_DSAlgo.Loggerload1)-****** Launching DS Intro Page******************
['INFO ]2023-07-17 08:30:59,974(YYYY-MM-ddHH:MM:ss.SSS][main]utilities_DSAlgo.Loggerload1)-****** Launching Array Page******************
['WARN ]2023-07-17 08:48:49,002(YYYY-MM-ddHH:MM:ss.SSS][main]utilities_DSAlgo.Loggerload1)-*******Driver is null*****
['INFO ]2023-07-17 08:48:54,180(YYYY-MM-ddHH:MM:ss.SSS][main]utilities_DSAlgo.Loggerload1)-******************* Launching Home Page******************
['INFO ]2023-07-17 08:49:02,755(YYYY-MM-ddHH:MM:ss.SSS][main]utilities_DSAlgo.Loggerload1)-******************* Launching Register Page******************
['INFO ]2023-07-17 08:49:03,813(YYYY-MM-ddHH:MM:ss.SSS][main]utilities_DSAlgo.Loggerload1)-******************* Launching Register Page******************
['INFO ]2023-07-17 08:49:04,526(YYYY-MM-ddHH:MM:ss.SSS][main]utilities_DSAlgo.Loggerload1)-******************* Launching Register Page******************
['INFO ]2023-07-17 08:49:05,346(YYYY-MM-ddHH:MM:ss.SSS][main]utilities_DSAlgo.Loggerload1)-******************* Launching Register Page******************
['INFO ]2023-07-17 08:49:06,236(YYYY-MM-ddHH:MM:ss.SSS][main]utilities_DSAlgo.Loggerload1)-******************* Launching Register Page******************
['INFO ]2023-07-17 08:49:07,317(YYYY-MM-ddHH:MM:ss.SSS][main]utilities_DSAlgo.Loggerload1)-******************* Launching Register Page******************
['INFO ]2023-07-17 08:49:08,376(YYYY-MM-ddHH:MM:ss.SSS][main]utilities_DSAlgo.Loggerload1)-******************* Launching Register Page******************
['INFO ]2023-07-17 08:49:09,257(YYYY-MM-ddHH:MM:ss.SSS][main]utilities_DSAlgo.Loggerload1)-******************* Launching Register Page******************
['INFO ]2023-07-17 08:49:10,481(YYYY-MM-ddHH:MM:ss.SSS][main]utilities_DSAlgo.Loggerload1)-******************* Launching Register Page******************
['INFO ]2023-07-17 08:49:11,622(YYYY-MM-ddHH:MM:ss.SSS][main]utilities_DSAlgo.Loggerload1)-******************* Launching Register Page******************
['INFO ]2023-07-17 08:49:14,230(YYYY-MM-ddHH:MM:ss.SSS][main]utilities_DSAlgo.Loggerload1)-******************* Launching Register Page******************
['INFO ]2023-07-17 08:49:15,177(YYYY-MM-ddHH:MM:ss.SSS][main]utilities_DSAlgo.Loggerload1)-******************* Launching Register Page******************
['INFO ]2023-07-17 08:49:17,545(YYYY-MM-ddHH:MM:ss.SSS][main]utilities_DSAlgo.Loggerload1)-********** Launching Sigin In Page******************
['INFO ]2023-07-17 08:49:17,900(YYYY-MM-ddHH:MM:ss.SSS][main]utilities_DSAlgo.Loggerload1)-********** Launching Sigin In Page******************
['INFO ]2023-07-17 08:49:19,813(YYYY-MM-ddHH:MM:ss.SSS][main]utilities_DSAlgo.Loggerload1)-********** Launching Sigin In Page******************
['INFO ]2023-07-17 08:49:21,869(YYYY-MM-ddHH:MM:ss.SSS][main]utilities_DSAlgo.Loggerload1)-********** Launching Sigin In Page******************
['INFO ]2023-07-17 08:49:22,813(YYYY-MM-ddHH:MM:ss.SSS][main]utilities_DSAlgo.Loggerload1)-********** Launching Sigin In Page******************
['INFO ]2023-07-17 08:49:23,733(YYYY-MM-ddHH:MM:ss.SSS][main]utilities_DSAlgo.Loggerload1)-********** Launching Sigin In Page******************
['INFO ]2023-07-17 08:49:38,537(YYYY-MM-ddHH:MM:ss.SSS][main]utilities_DSAlgo.Loggerload1)-****** Launching DS Intro Page******************
['INFO ]2023-07-17 08:49:41,385(YYYY-MM-ddHH:MM:ss.SSS][main]utilities_DSAlgo.Loggerload1)-****** Launching Array Page******************
['WARN ]2023-07-17 08:54:44,931(YYYY-MM-ddHH:MM:ss.SSS][main]utilities_DSAlgo.Loggerload1)-*******Driver is null*****
['INFO ]2023-07-17 08:54:49,663(YYYY-MM-ddHH:MM:ss.SSS][main]utilities_DSAlgo.Loggerload1)-******************* Launching Home Page******************
['INFO ]2023-07-17 08:54:58,249(YYYY-MM-ddHH:MM:ss.SSS][main]utilities_DSAlgo.Loggerload1)-******************* Launching Register Page******************
['INFO ]2023-07-17 08:54:59,554(YYYY-MM-ddHH:MM:ss.SSS][main]utilities_DSAlgo.Loggerload1)-******************* Launching Register Page******************
['INFO ]2023-07-17 08:55:00,278(YYYY-MM-ddHH:MM:ss.SSS][main]utilities_DSAlgo.Loggerload1)-******************* Launching Register Page******************
['INFO ]2023-07-17 08:55:01,173(YYYY-MM-ddHH:MM:ss.SSS][main]utilities_DSAlgo.Loggerload1)-******************* Launching Register Page******************
['INFO ]2023-07-17 08:55:02,270(YYYY-MM-ddHH:MM:ss.SSS][main]utilities_DSAlgo.Loggerload1)-******************* Launching Register Page******************
['INFO ]2023-07-17 08:55:03,377(YYYY-MM-ddHH:MM:ss.SSS][main]utilities_DSAlgo.Loggerload1)-******************* Launching Register Page******************
['INFO ]2023-07-17 08:55:04,424(YYYY-MM-ddHH:MM:ss.SSS][main]utilities_DSAlgo.Loggerload1)-******************* Launching Register Page******************
['INFO ]2023-07-17 08:55:05,524(YYYY-MM-ddHH:MM:ss.SSS][main]utilities_DSAlgo.Loggerload1)-******************* Launching Register Page******************
['INFO ]2023-07-17 08:55:06,594(YYYY-MM-ddHH:MM:ss.SSS][main]utilities_DSAlgo.Loggerload1)-******************* Launching Register Page******************
['INFO ]2023-07-17 08:55:07,646(YYYY-MM-ddHH:MM:ss.SSS][main]utilities_DSAlgo.Loggerload1)-******************* Launching Register Page******************
['INFO ]2023-07-17 08:55:09,655(YYYY-MM-ddHH:MM:ss.SSS][main]utilities_DSAlgo.Loggerload1)-******************* Launching Register Page******************
['INFO ]2023-07-17 08:55:10,619(YYYY-MM-ddHH:MM:ss.SSS][main]utilities_DSAlgo.Loggerload1)-******************* Launching Register Page******************
['INFO ]2023-07-17 08:55:13,126(YYYY-MM-ddHH:MM:ss.SSS][main]utilities_DSAlgo.Loggerload1)-********** Launching Sigin In Page******************
['INFO ]2023-07-17 08:55:13,593(YYYY-MM-ddHH:MM:ss.SSS][main]utilities_DSAlgo.Loggerload1)-********** Launching Sigin In Page******************
['INFO ]2023-07-17 08:55:15,412(YYYY-MM-ddHH:MM:ss.SSS][main]utilities_DSAlgo.Loggerload1)-********** Launching Sigin In Page******************
['INFO ]2023-07-17 08:55:17,559(YYYY-MM-ddHH:MM:ss.SSS][main]utilities_DSAlgo.Loggerload1)-********** Launching Sigin In Page******************
['INFO ]2023-07-17 08:55:18,450(YYYY-MM-ddHH:MM:ss.SSS][main]utilities_DSAlgo.Loggerload1)-********** Launching Sigin In Page******************
['INFO ]2023-07-17 08:55:19,319(YYYY-MM-ddHH:MM:ss.SSS][main]utilities_DSAlgo.Loggerload1)-********** Launching Sigin In Page******************
['INFO ]2023-07-17 08:55:33,530(YYYY-MM-ddHH:MM:ss.SSS][main]utilities_DSAlgo.Loggerload1)-****** Launching DS Intro Page******************
['INFO ]2023-07-17 08:55:36,407(YYYY-MM-ddHH:MM:ss.SSS][main]utilities_DSAlgo.Loggerload1)-****** Launching Array Page******************
['WARN ]2023-07-17 12:50:57,579(YYYY-MM-ddHH:MM:ss.SSS][main]utilities_DSAlgo.Loggerload1)-*******Driver is null*****
['INFO ]2023-07-17 12:51:02,178(YYYY-MM-ddHH:MM:ss.SSS][main]utilities_DSAlgo.Loggerload1)-******************* Launching Home Page******************
['INFO ]2023-07-17 12:51:11,072(YYYY-MM-ddHH:MM:ss.SSS][main]utilities_DSAlgo.Loggerload1)-******************* Launching Register Page******************
['INFO ]2023-07-17 12:51:12,117(YYYY-MM-ddHH:MM:ss.SSS][main]utilities_DSAlgo.Loggerload1)-******************* Launching Register Page******************
['INFO ]2023-07-17 12:51:12,846(YYYY-MM-ddHH:MM:ss.SSS][main]utilities_DSAlgo.Loggerload1)-******************* Launching Register Page******************
['INFO ]2023-07-17 12:51:13,742(YYYY-MM-ddHH:MM:ss.SSS][main]utilities_DSAlgo.Loggerload1)-******************* Launching Register Page******************
['INFO ]2023-07-17 12:51:14,659(YYYY-MM-ddHH:MM:ss.SSS][main]utilities_DSAlgo.Loggerload1)-******************* Launching Register Page******************
['INFO ]2023-07-17 12:51:15,733(YYYY-MM-ddHH:MM:ss.SSS][main]utilities_DSAlgo.Loggerload1)-******************* Launching Register Page******************
['INFO ]2023-07-17 12:51:16,895(YYYY-MM-ddHH:MM:ss.SSS][main]utilities_DSAlgo.Loggerload1)-******************* Launching Register Page******************
['INFO ]2023-07-17 12:51:17,895(YYYY-MM-ddHH:MM:ss.SSS][main]utilities_DSAlgo.Loggerload1)-******************* Launching Register Page******************
['INFO ]2023-07-17 12:51:18,846(YYYY-MM-ddHH:MM:ss.SSS][main]utilities_DSAlgo.Loggerload1)-******************* Launching Register Page******************
['INFO ]2023-07-17 12:51:19,923(YYYY-MM-ddHH:MM:ss.SSS][main]utilities_DSAlgo.Loggerload1)-******************* Launching Register Page******************
['INFO ]2023-07-17 12:51:21,808(YYYY-MM-ddHH:MM:ss.SSS][main]utilities_DSAlgo.Loggerload1)-******************* Launching Register Page******************
['INFO ]2023-07-17 12:51:22,802(YYYY-MM-ddHH:MM:ss.SSS][main]utilities_DSAlgo.Loggerload1)-******************* Launching Register Page******************
['INFO ]2023-07-17 12:51:25,004(YYYY-MM-ddHH:MM:ss.SSS][main]utilities_DSAlgo.Loggerload1)-********** Launching Sigin In Page******************
['INFO ]2023-07-17 12:51:25,494(YYYY-MM-ddHH:MM:ss.SSS][main]utilities_DSAlgo.Loggerload1)-********** Launching Sigin In Page******************
['INFO ]2023-07-17 12:51:27,297(YYYY-MM-ddHH:MM:ss.SSS][main]utilities_DSAlgo.Loggerload1)-********** Launching Sigin In Page******************
['INFO ]2023-07-17 12:51:29,265(YYYY-MM-ddHH:MM:ss.SSS][main]utilities_DSAlgo.Loggerload1)-********** Launching Sigin In Page******************
['INFO ]2023-07-17 12:51:30,116(YYYY-MM-ddHH:MM:ss.SSS][main]utilities_DSAlgo.Loggerload1)-********** Launching Sigin In Page******************
['INFO ]2023-07-17 12:51:31,049(YYYY-MM-ddHH:MM:ss.SSS][main]utilities_DSAlgo.Loggerload1)-********** Launching Sigin In Page******************
['INFO ]2023-07-17 12:51:44,858(YYYY-MM-ddHH:MM:ss.SSS][main]utilities_DSAlgo.Loggerload1)-****** Launching DS Intro Page******************
['INFO ]2023-07-17 12:51:48,373(YYYY-MM-ddHH:MM:ss.SSS][main]utilities_DSAlgo.Loggerload1)-****** Launching Array Page******************
['WARN ]2023-07-17 13:57:42,973(YYYY-MM-ddHH:MM:ss.SSS][main]utilities_DSAlgo.Loggerload1)-*******Driver is null*****
['INFO ]2023-07-17 13:57:53,068(YYYY-MM-ddHH:MM:ss.SSS][main]utilities_DSAlgo.Loggerload1)-******************* Launching Home Page******************
['INFO ]2023-07-17 13:58:05,186(YYYY-MM-ddHH:MM:ss.SSS][main]utilities_DSAlgo.Loggerload1)-******************* Launching Register Page******************
['INFO ]2023-07-17 13:58:07,041(YYYY-MM-ddHH:MM:ss.SSS][main]utilities_DSAlgo.Loggerload1)-******************* Launching Register Page******************
['INFO ]2023-07-17 13:58:08,220(YYYY-MM-ddHH:MM:ss.SSS][main]utilities_DSAlgo.Loggerload1)-******************* Launching Register Page******************
['INFO ]2023-07-17 13:58:10,179(YYYY-MM-ddHH:MM:ss.SSS][main]utilities_DSAlgo.Loggerload1)-******************* Launching Register Page******************
['INFO ]2023-07-17 13:58:11,322(YYYY-MM-ddHH:MM:ss.SSS][main]utilities_DSAlgo.Loggerload1)-******************* Launching Register Page******************
['INFO ]2023-07-17 13:58:12,679(YYYY-MM-ddHH:MM:ss.SSS][main]utilities_DSAlgo.Loggerload1)-******************* Launching Register Page******************
['INFO ]2023-07-17 13:58:15,139(YYYY-MM-ddHH:MM:ss.SSS][main]utilities_DSAlgo.Loggerload1)-******************* Launching Register Page******************
['INFO ]2023-07-17 13:58:17,150(YYYY-MM-ddHH:MM:ss.SSS][main]utilities_DSAlgo.Loggerload1)-******************* Launching Register Page******************
['INFO ]2023-07-17 13:58:18,920(YYYY-MM-ddHH:MM:ss.SSS][main]utilities_DSAlgo.Loggerload1)-******************* Launching Register Page******************
['INFO ]2023-07-17 13:58:20,667(YYYY-MM-ddHH:MM:ss.SSS][main]utilities_DSAlgo.Loggerload1)-******************* Launching Register Page******************
['INFO ]2023-07-17 13:58:23,781(YYYY-MM-ddHH:MM:ss.SSS][main]utilities_DSAlgo.Loggerload1)-******************* Launching Register Page******************
['INFO ]2023-07-17 13:58:25,069(YYYY-MM-ddHH:MM:ss.SSS][main]utilities_DSAlgo.Loggerload1)-******************* Launching Register Page******************
['INFO ]2023-07-17 13:58:30,069(YYYY-MM-ddHH:MM:ss.SSS][main]utilities_DSAlgo.Loggerload1)-********** Launching Sigin In Page******************
['INFO ]2023-07-17 13:58:31,379(YYYY-MM-ddHH:MM:ss.SSS][main]utilities_DSAlgo.Loggerload1)-********** Launching Sigin In Page******************
['INFO ]2023-07-17 13:58:36,924(YYYY-MM-ddHH:MM:ss.SSS][main]utilities_DSAlgo.Loggerload1)-********** Launching Sigin In Page******************
['INFO ]2023-07-17 13:58:40,513(YYYY-MM-ddHH:MM:ss.SSS][main]utilities_DSAlgo.Loggerload1)-********** Launching Sigin In Page******************
['INFO ]2023-07-17 13:58:42,170(YYYY-MM-ddHH:MM:ss.SSS][main]utilities_DSAlgo.Loggerload1)-********** Launching Sigin In Page******************
['INFO ]2023-07-17 13:58:43,419(YYYY-MM-ddHH:MM:ss.SSS][main]utilities_DSAlgo.Loggerload1)-********** Launching Sigin In Page******************
['INFO ]2023-07-17 13:59:01,003(YYYY-MM-ddHH:MM:ss.SSS][main]utilities_DSAlgo.Loggerload1)-****** Launching DS Intro Page******************
['INFO ]2023-07-17 13:59:13,751(YYYY-MM-ddHH:MM:ss.SSS][main]utilities_DSAlgo.Loggerload1)-****** Launching Array Page******************
['WARN ]2023-07-17 14:06:53,374(YYYY-MM-ddHH:MM:ss.SSS][main]utilities_DSAlgo.Loggerload1)-*******Driver is null*****
['INFO ]2023-07-17 14:06:58,683(YYYY-MM-ddHH:MM:ss.SSS][main]utilities_DSAlgo.Loggerload1)-******************* Launching Home Page******************
['INFO ]2023-07-17 14:07:07,003(YYYY-MM-ddHH:MM:ss.SSS][main]utilities_DSAlgo.Loggerload1)-******************* Launching Register Page******************
['INFO ]2023-07-17 14:07:07,900(YYYY-MM-ddHH:MM:ss.SSS][main]utilities_DSAlgo.Loggerload1)-******************* Launching Register Page******************
['INFO ]2023-07-17 14:07:08,612(YYYY-MM-ddHH:MM:ss.SSS][main]utilities_DSAlgo.Loggerload1)-******************* Launching Register Page******************
['INFO ]2023-07-17 14:07:09,555(YYYY-MM-ddHH:MM:ss.SSS][main]utilities_DSAlgo.Loggerload1)-******************* Launching Register Page******************
['INFO ]2023-07-17 14:07:10,428(YYYY-MM-ddHH:MM:ss.SSS][main]utilities_DSAlgo.Loggerload1)-******************* Launching Register Page******************
['INFO ]2023-07-17 14:07:11,389(YYYY-MM-ddHH:MM:ss.SSS][main]utilities_DSAlgo.Loggerload1)-******************* Launching Register Page******************
['INFO ]2023-07-17 14:07:12,343(YYYY-MM-ddHH:MM:ss.SSS][main]utilities_DSAlgo.Loggerload1)-******************* Launching Register Page******************
['INFO ]2023-07-17 14:07:13,369(YYYY-MM-ddHH:MM:ss.SSS][main]utilities_DSAlgo.Loggerload1)-******************* Launching Register Page******************
['INFO ]2023-07-17 14:07:14,321(YYYY-MM-ddHH:MM:ss.SSS][main]utilities_DSAlgo.Loggerload1)-******************* Launching Register Page******************
['INFO ]2023-07-17 14:07:15,286(YYYY-MM-ddHH:MM:ss.SSS][main]utilities_DSAlgo.Loggerload1)-******************* Launching Register Page******************
['INFO ]2023-07-17 14:07:17,326(YYYY-MM-ddHH:MM:ss.SSS][main]utilities_DSAlgo.Loggerload1)-******************* Launching Register Page******************
['INFO ]2023-07-17 14:07:18,243(YYYY-MM-ddHH:MM:ss.SSS][main]utilities_DSAlgo.Loggerload1)-******************* Launching Register Page******************
['INFO ]2023-07-17 14:07:20,563(YYYY-MM-ddHH:MM:ss.SSS][main]utilities_DSAlgo.Loggerload1)-********** Launching Sigin In Page******************
['INFO ]2023-07-17 14:07:21,103(YYYY-MM-ddHH:MM:ss.SSS][main]utilities_DSAlgo.Loggerload1)-********** Launching Sigin In Page******************
['INFO ]2023-07-17 14:07:23,013(YYYY-MM-ddHH:MM:ss.SSS][main]utilities_DSAlgo.Loggerload1)-********** Launching Sigin In Page******************
['INFO ]2023-07-17 14:07:25,149(YYYY-MM-ddHH:MM:ss.SSS][main]utilities_DSAlgo.Loggerload1)-********** Launching Sigin In Page******************
['INFO ]2023-07-17 14:07:26,031(YYYY-MM-ddHH:MM:ss.SSS][main]utilities_DSAlgo.Loggerload1)-********** Launching Sigin In Page******************
['INFO ]2023-07-17 14:07:26,962(YYYY-MM-ddHH:MM:ss.SSS][main]utilities_DSAlgo.Loggerload1)-********** Launching Sigin In Page******************
['INFO ]2023-07-17 14:07:41,196(YYYY-MM-ddHH:MM:ss.SSS][main]utilities_DSAlgo.Loggerload1)-****** Launching DS Intro Page******************
['INFO ]2023-07-17 14:07:44,210(YYYY-MM-ddHH:MM:ss.SSS][main]utilities_DSAlgo.Loggerload1)-****** Launching Array Page******************
['WARN ]2023-07-17 16:42:19,715(YYYY-MM-ddHH:MM:ss.SSS][main]utilities_DSAlgo.Loggerload1)-*******Driver is null*****
['INFO ]2023-07-17 16:42:27,381(YYYY-MM-ddHH:MM:ss.SSS][main]utilities_DSAlgo.Loggerload1)-******************* Launching Home Page******************
['INFO ]2023-07-17 16:42:38,498(YYYY-MM-ddHH:MM:ss.SSS][main]utilities_DSAlgo.Loggerload1)-******************* Launching Register Page******************
['INFO ]2023-07-17 16:42:39,821(YYYY-MM-ddHH:MM:ss.SSS][main]utilities_DSAlgo.Loggerload1)-******************* Launching Register Page******************
['INFO ]2023-07-17 16:42:40,960(YYYY-MM-ddHH:MM:ss.SSS][main]utilities_DSAlgo.Loggerload1)-******************* Launching Register Page******************
['INFO ]2023-07-17 16:42:42,055(YYYY-MM-ddHH:MM:ss.SSS][main]utilities_DSAlgo.Loggerload1)-******************* Launching Register Page******************
['INFO ]2023-07-17 16:42:43,004(YYYY-MM-ddHH:MM:ss.SSS][main]utilities_DSAlgo.Loggerload1)-******************* Launching Register Page******************
['INFO ]2023-07-17 16:42:44,061(YYYY-MM-ddHH:MM:ss.SSS][main]utilities_DSAlgo.Loggerload1)-******************* Launching Register Page******************
['INFO ]2023-07-17 16:42:45,120(YYYY-MM-ddHH:MM:ss.SSS][main]utilities_DSAlgo.Loggerload1)-******************* Launching Register Page******************
['INFO ]2023-07-17 16:42:46,293(YYYY-MM-ddHH:MM:ss.SSS][main]utilities_DSAlgo.Loggerload1)-******************* Launching Register Page******************
['INFO ]2023-07-17 16:42:47,500(YYYY-MM-ddHH:MM:ss.SSS][main]utilities_DSAlgo.Loggerload1)-******************* Launching Register Page******************
['INFO ]2023-07-17 16:42:48,643(YYYY-MM-ddHH:MM:ss.SSS][main]utilities_DSAlgo.Loggerload1)-******************* Launching Register Page******************
['INFO ]2023-07-17 16:42:51,017(YYYY-MM-ddHH:MM:ss.SSS][main]utilities_DSAlgo.Loggerload1)-******************* Launching Register Page******************
['INFO ]2023-07-17 16:42:52,112(YYYY-MM-ddHH:MM:ss.SSS][main]utilities_DSAlgo.Loggerload1)-******************* Launching Register Page******************
['INFO ]2023-07-17 16:42:54,459(YYYY-MM-ddHH:MM:ss.SSS][main]utilities_DSAlgo.Loggerload1)-********** Launching Sigin In Page******************
['INFO ]2023-07-17 16:42:55,032(YYYY-MM-ddHH:MM:ss.SSS][main]utilities_DSAlgo.Loggerload1)-********** Launching Sigin In Page******************
['INFO ]2023-07-17 16:42:57,330(YYYY-MM-ddHH:MM:ss.SSS][main]utilities_DSAlgo.Loggerload1)-********** Launching Sigin In Page******************
['INFO ]2023-07-17 16:43:00,786(YYYY-MM-ddHH:MM:ss.SSS][main]utilities_DSAlgo.Loggerload1)-********** Launching Sigin In Page******************
['INFO ]2023-07-17 16:43:02,543(YYYY-MM-ddHH:MM:ss.SSS][main]utilities_DSAlgo.Loggerload1)-********** Launching Sigin In Page******************
['INFO ]2023-07-17 16:43:03,970(YYYY-MM-ddHH:MM:ss.SSS][main]utilities_DSAlgo.Loggerload1)-********** Launching Sigin In Page******************
['INFO ]2023-07-17 16:43:19,975(YYYY-MM-ddHH:MM:ss.SSS][main]utilities_DSAlgo.Loggerload1)-****** Launching DS Intro Page******************
['INFO ]2023-07-17 16:43:23,995(YYYY-MM-ddHH:MM:ss.SSS][main]utilities_DSAlgo.Loggerload1)-****** Launching Array Page******************
